INFO:werkzeug:[31m[1mWARNING: This is a development server. Do not use it in a production deployment. Use a production WSGI server instead.[0m
 * Running on http://127.0.0.1:5000
INFO:werkzeug:[33mPress CTRL+C to quit[0m
INFO:werkzeug: * Restarting with stat
WARNING:werkzeug: * Debugger is active!
INFO:werkzeug: * Debugger PIN: 331-110-069
INFO:werkzeug:127.0.0.1 - - [04/Sep/2022 19:09:47] "[35m[1mGET /api/posts/1 HTTP/1.1[0m" 500 -
INFO:werkzeug:127.0.0.1 - - [04/Sep/2022 19:09:47] "GET /api/posts/1?__debugger__=yes&cmd=resource&f=debugger.js HTTP/1.1" 200 -
INFO:werkzeug:127.0.0.1 - - [04/Sep/2022 19:09:47] "GET /api/posts/1?__debugger__=yes&cmd=resource&f=style.css HTTP/1.1" 200 -
INFO:werkzeug:127.0.0.1 - - [04/Sep/2022 19:09:47] "GET /api/posts/1?__debugger__=yes&cmd=resource&f=console.png HTTP/1.1" 200 -
INFO:werkzeug:127.0.0.1 - - [04/Sep/2022 19:09:47] "[36mGET /api/posts/1?__debugger__=yes&cmd=resource&f=console.png HTTP/1.1[0m" 304 -
INFO:werkzeug: * Detected change in 'c:\\Users\\Georgii\\Desktop\\pr\\homework\\instahram\\project\\main\\views.py', reloading
INFO:werkzeug: * Restarting with stat
WARNING:werkzeug: * Debugger is active!
INFO:werkzeug: * Debugger PIN: 331-110-069
INFO:werkzeug: * Detected change in 'c:\\Users\\Georgii\\Desktop\\pr\\homework\\instahram\\app.py', reloading
INFO:werkzeug: * Restarting with stat
WARNING:werkzeug: * Debugger is active!
INFO:werkzeug: * Debugger PIN: 331-110-069
INFO:werkzeug:[31m[1mWARNING: This is a development server. Do not use it in a production deployment. Use a production WSGI server instead.[0m
 * Running on http://127.0.0.1:5000
INFO:werkzeug:[33mPress CTRL+C to quit[0m
INFO:werkzeug: * Restarting with stat
WARNING:werkzeug: * Debugger is active!
INFO:werkzeug: * Debugger PIN: 331-110-069
INFO:werkzeug:127.0.0.1 - - [04/Sep/2022 19:10:43] "GET /api/posts/1 HTTP/1.1" 200 -
INFO:werkzeug: * Detected change in 'c:\\Users\\Georgii\\Desktop\\pr\\homework\\instahram\\tests\\test_api.py', reloading
INFO:werkzeug: * Restarting with stat
WARNING:werkzeug: * Debugger is active!
INFO:werkzeug: * Debugger PIN: 331-110-069
INFO:werkzeug: * Detected change in 'c:\\Users\\Georgii\\Desktop\\pr\\homework\\instahram\\tests\\test_api.py', reloading
INFO:werkzeug: * Restarting with stat
WARNING:werkzeug: * Debugger is active!
INFO:werkzeug: * Debugger PIN: 331-110-069
INFO:werkzeug: * Detected change in 'c:\\Users\\Georgii\\Desktop\\pr\\homework\\instahram\\tests\\test_api.py', reloading
INFO:werkzeug: * Restarting with stat
WARNING:werkzeug: * Debugger is active!
INFO:werkzeug: * Debugger PIN: 331-110-069
INFO:werkzeug: * Detected change in 'c:\\Users\\Georgii\\Desktop\\pr\\homework\\instahram\\tests\\test_api.py', reloading
INFO:werkzeug: * Restarting with stat
WARNING:werkzeug: * Debugger is active!
INFO:werkzeug: * Debugger PIN: 331-110-069
INFO:werkzeug: * Detected change in 'c:\\Users\\Georgii\\Desktop\\pr\\homework\\instahram\\tests\\test_api.py', reloading
INFO:werkzeug: * Restarting with stat
WARNING:werkzeug: * Debugger is active!
INFO:werkzeug: * Debugger PIN: 331-110-069
INFO:werkzeug: * Detected change in 'c:\\Users\\Georgii\\Desktop\\pr\\homework\\instahram\\tests\\test_api.py', reloading
INFO:werkzeug: * Restarting with stat
WARNING:werkzeug: * Debugger is active!
INFO:werkzeug: * Debugger PIN: 331-110-069
INFO:werkzeug: * Detected change in 'c:\\Users\\Georgii\\Desktop\\pr\\homework\\instahram\\tests\\test_api.py', reloading
INFO:werkzeug: * Restarting with stat
WARNING:werkzeug: * Debugger is active!
INFO:werkzeug: * Debugger PIN: 331-110-069
INFO:werkzeug: * Detected change in 'c:\\Users\\Georgii\\Desktop\\pr\\homework\\instahram\\tests\\test_api.py', reloading
INFO:werkzeug: * Restarting with stat
WARNING:werkzeug: * Debugger is active!
INFO:werkzeug: * Debugger PIN: 331-110-069
INFO:werkzeug: * Detected change in 'c:\\Users\\Georgii\\Desktop\\pr\\homework\\instahram\\tests\\test_api.py', reloading
INFO:werkzeug: * Restarting with stat
WARNING:werkzeug: * Debugger is active!
INFO:werkzeug: * Debugger PIN: 331-110-069
INFO:werkzeug: * Detected change in 'c:\\Users\\Georgii\\Desktop\\pr\\homework\\instahram\\tests\\test_api.py', reloading
INFO:werkzeug: * Restarting with stat
WARNING:werkzeug: * Debugger is active!
INFO:werkzeug: * Debugger PIN: 331-110-069
INFO:werkzeug: * Detected change in 'c:\\Users\\Georgii\\Desktop\\pr\\homework\\instahram\\tests\\test_api.py', reloading
INFO:werkzeug: * Restarting with stat
WARNING:werkzeug: * Debugger is active!
INFO:werkzeug: * Debugger PIN: 331-110-069
INFO:werkzeug: * Detected change in 'c:\\Users\\Georgii\\Desktop\\pr\\homework\\instahram\\tests\\test_api.py', reloading
INFO:werkzeug: * Restarting with stat
WARNING:werkzeug: * Debugger is active!
INFO:werkzeug: * Debugger PIN: 331-110-069
INFO:werkzeug: * Detected change in 'c:\\Users\\Georgii\\Desktop\\pr\\homework\\instahram\\tests\\test_api.py', reloading
INFO:werkzeug: * Restarting with stat
WARNING:werkzeug: * Debugger is active!
INFO:werkzeug: * Debugger PIN: 331-110-069
INFO:werkzeug: * Detected change in 'c:\\Users\\Georgii\\Desktop\\pr\\homework\\instahram\\tests\\test_api.py', reloading
INFO:werkzeug: * Restarting with stat
WARNING:werkzeug: * Debugger is active!
INFO:werkzeug: * Debugger PIN: 331-110-069
INFO:werkzeug: * Detected change in 'c:\\Users\\Georgii\\Desktop\\pr\\homework\\instahram\\tests\\test_api.py', reloading
INFO:werkzeug: * Restarting with stat
WARNING:werkzeug: * Debugger is active!
INFO:werkzeug: * Debugger PIN: 331-110-069
INFO:werkzeug: * Detected change in 'c:\\Users\\Georgii\\Desktop\\pr\\homework\\instahram\\tests\\test_api.py', reloading
INFO:werkzeug: * Restarting with stat
WARNING:werkzeug: * Debugger is active!
INFO:werkzeug: * Debugger PIN: 331-110-069
INFO:werkzeug: * Detected change in 'c:\\Users\\Georgii\\Desktop\\pr\\homework\\instahram\\tests\\test_api.py', reloading
INFO:werkzeug: * Restarting with stat
WARNING:werkzeug: * Debugger is active!
INFO:werkzeug: * Debugger PIN: 331-110-069
INFO:werkzeug: * Detected change in 'c:\\Users\\Georgii\\Desktop\\pr\\homework\\instahram\\tests\\test_api.py', reloading
INFO:werkzeug: * Restarting with stat
WARNING:werkzeug: * Debugger is active!
INFO:werkzeug: * Debugger PIN: 331-110-069
INFO:werkzeug:[31m[1mWARNING: This is a development server. Do not use it in a production deployment. Use a production WSGI server instead.[0m
 * Running on http://127.0.0.1:5000
INFO:werkzeug:[33mPress CTRL+C to quit[0m
INFO:werkzeug: * Restarting with stat
WARNING:werkzeug: * Debugger is active!
INFO:werkzeug: * Debugger PIN: 331-110-069
INFO:werkzeug:127.0.0.1 - - [04/Sep/2022 19:33:52] "[35m[1mGET /api/posts HTTP/1.1[0m" 500 -
INFO:werkzeug:127.0.0.1 - - [04/Sep/2022 19:33:52] "GET /api/posts?__debugger__=yes&cmd=resource&f=style.css HTTP/1.1" 200 -
INFO:werkzeug:127.0.0.1 - - [04/Sep/2022 19:33:52] "GET /api/posts?__debugger__=yes&cmd=resource&f=debugger.js HTTP/1.1" 200 -
INFO:werkzeug:127.0.0.1 - - [04/Sep/2022 19:33:52] "GET /api/posts?__debugger__=yes&cmd=resource&f=console.png HTTP/1.1" 200 -
INFO:werkzeug:127.0.0.1 - - [04/Sep/2022 19:33:52] "[36mGET /api/posts?__debugger__=yes&cmd=resource&f=console.png HTTP/1.1[0m" 304 -
INFO:werkzeug: * Detected change in 'c:\\Users\\Georgii\\Desktop\\pr\\homework\\instahram\\project\\main\\views.py', reloading
INFO:werkzeug: * Restarting with stat
WARNING:werkzeug: * Debugger is active!
INFO:werkzeug: * Debugger PIN: 331-110-069
INFO:werkzeug:[31m[1mWARNING: This is a development server. Do not use it in a production deployment. Use a production WSGI server instead.[0m
 * Running on http://127.0.0.1:5000
INFO:werkzeug:[33mPress CTRL+C to quit[0m
INFO:werkzeug: * Restarting with stat
WARNING:werkzeug: * Debugger is active!
INFO:werkzeug: * Debugger PIN: 331-110-069
INFO:werkzeug:127.0.0.1 - - [04/Sep/2022 19:36:28] "GET /api/posts HTTP/1.1" 200 -
INFO:werkzeug: * Detected change in 'c:\\Users\\Georgii\\Desktop\\pr\\homework\\instahram\\app.py', reloading
INFO:werkzeug: * Restarting with stat
WARNING:werkzeug: * Debugger is active!
INFO:werkzeug: * Debugger PIN: 331-110-069
INFO:werkzeug: * Detected change in 'c:\\Users\\Georgii\\Desktop\\pr\\homework\\instahram\\app.py', reloading
INFO:werkzeug: * Restarting with stat
WARNING:werkzeug: * Debugger is active!
INFO:werkzeug: * Debugger PIN: 331-110-069
INFO:werkzeug: * Detected change in 'c:\\Users\\Georgii\\Desktop\\pr\\homework\\instahram\\app.py', reloading
INFO:werkzeug: * Restarting with stat
WARNING:werkzeug: * Debugger is active!
INFO:werkzeug: * Debugger PIN: 331-110-069
INFO:werkzeug:[31m[1mWARNING: This is a development server. Do not use it in a production deployment. Use a production WSGI server instead.[0m
 * Running on http://127.0.0.1:5000
INFO:werkzeug:[33mPress CTRL+C to quit[0m
INFO:werkzeug: * Restarting with stat
WARNING:werkzeug: * Debugger is active!
INFO:werkzeug: * Debugger PIN: 331-110-069
INFO:werkzeug:127.0.0.1 - - [04/Sep/2022 19:37:36] "GET /api/posts HTTP/1.1" 200 -
INFO:werkzeug: * Detected change in 'c:\\Users\\Georgii\\Desktop\\pr\\homework\\instahram\\project\\main\\views.py', reloading
INFO:werkzeug: * Restarting with stat
WARNING:werkzeug: * Debugger is active!
INFO:werkzeug: * Debugger PIN: 331-110-069
INFO:werkzeug: * Detected change in 'c:\\Users\\Georgii\\Desktop\\pr\\homework\\instahram\\project\\utils.py', reloading
INFO:werkzeug: * Restarting with stat
WARNING:werkzeug: * Debugger is active!
INFO:werkzeug: * Debugger PIN: 331-110-069
INFO:werkzeug: * Detected change in 'c:\\Users\\Georgii\\Desktop\\pr\\homework\\instahram\\project\\utils.py', reloading
INFO:werkzeug: * Restarting with stat
WARNING:werkzeug: * Debugger is active!
INFO:werkzeug: * Debugger PIN: 331-110-069
INFO:werkzeug: * Detected change in 'c:\\Users\\Georgii\\Desktop\\pr\\homework\\instahram\\project\\utils.py', reloading
INFO:werkzeug: * Restarting with stat
WARNING:werkzeug: * Debugger is active!
INFO:werkzeug: * Debugger PIN: 331-110-069
INFO:werkzeug: * Detected change in 'c:\\Users\\Georgii\\Desktop\\pr\\homework\\instahram\\project\\utils.py', reloading
INFO:werkzeug: * Restarting with stat
INFO:werkzeug:[31m[1mWARNING: This is a development server. Do not use it in a production deployment. Use a production WSGI server instead.[0m
 * Running on http://127.0.0.1:5000
INFO:werkzeug:[33mPress CTRL+C to quit[0m
INFO:werkzeug: * Restarting with stat
WARNING:werkzeug: * Debugger is active!
INFO:werkzeug: * Debugger PIN: 331-110-069
INFO:werkzeug:127.0.0.1 - - [04/Sep/2022 19:55:31] "GET /posts/1 HTTP/1.1" 200 -
INFO:werkzeug:127.0.0.1 - - [04/Sep/2022 19:55:31] "[36mGET /static/css/styles.min.css HTTP/1.1[0m" 304 -
INFO:werkzeug:127.0.0.1 - - [04/Sep/2022 19:55:31] "[36mGET /static/img/eye.png HTTP/1.1[0m" 304 -
INFO:werkzeug:127.0.0.1 - - [04/Sep/2022 19:55:31] "[36mGET /static/img/bookmark.png HTTP/1.1[0m" 304 -
INFO:werkzeug:127.0.0.1 - - [04/Sep/2022 19:55:36] "[33mGET /posts/ HTTP/1.1[0m" 404 -
INFO:werkzeug: * Detected change in 'c:\\Users\\Georgii\\Desktop\\pr\\homework\\instahram\\project\\utils.py', reloading
INFO:werkzeug: * Restarting with stat
INFO:werkzeug:[31m[1mWARNING: This is a development server. Do not use it in a production deployment. Use a production WSGI server instead.[0m
 * Running on http://127.0.0.1:5000
INFO:werkzeug:[33mPress CTRL+C to quit[0m
INFO:werkzeug: * Restarting with stat
WARNING:werkzeug: * Debugger is active!
INFO:werkzeug: * Debugger PIN: 331-110-069
INFO:werkzeug:127.0.0.1 - - [04/Sep/2022 19:58:31] "GET /posts/1 HTTP/1.1" 200 -
INFO:werkzeug:127.0.0.1 - - [04/Sep/2022 19:58:32] "[36mGET /static/css/styles.min.css HTTP/1.1[0m" 304 -
INFO:werkzeug:127.0.0.1 - - [04/Sep/2022 19:58:32] "[36mGET /static/img/bookmark.png HTTP/1.1[0m" 304 -
INFO:werkzeug:127.0.0.1 - - [04/Sep/2022 19:58:32] "[36mGET /static/img/eye.png HTTP/1.1[0m" 304 -
INFO:werkzeug: * Detected change in 'c:\\Users\\Georgii\\Desktop\\pr\\homework\\instahram\\project\\utils.py', reloading
INFO:werkzeug: * Restarting with stat
WARNING:werkzeug: * Debugger is active!
INFO:werkzeug: * Debugger PIN: 331-110-069
INFO:werkzeug: * Detected change in 'c:\\Users\\Georgii\\Desktop\\pr\\homework\\instahram\\app.py', reloading
INFO:werkzeug: * Restarting with stat
WARNING:werkzeug: * Debugger is active!
INFO:werkzeug: * Debugger PIN: 331-110-069
INFO:werkzeug:[31m[1mWARNING: This is a development server. Do not use it in a production deployment. Use a production WSGI server instead.[0m
 * Running on http://127.0.0.1:5000
INFO:werkzeug:[33mPress CTRL+C to quit[0m
INFO:werkzeug: * Restarting with stat
WARNING:werkzeug: * Debugger is active!
INFO:werkzeug: * Debugger PIN: 331-110-069
INFO:werkzeug:127.0.0.1 - - [04/Sep/2022 19:59:14] "GET /posts/1 HTTP/1.1" 200 -
INFO:werkzeug:127.0.0.1 - - [04/Sep/2022 19:59:14] "[36mGET /static/css/styles.min.css HTTP/1.1[0m" 304 -
INFO:werkzeug:127.0.0.1 - - [04/Sep/2022 19:59:14] "[36mGET /static/img/bookmark.png HTTP/1.1[0m" 304 -
INFO:werkzeug:127.0.0.1 - - [04/Sep/2022 19:59:14] "[36mGET /static/img/eye.png HTTP/1.1[0m" 304 -
INFO:werkzeug:127.0.0.1 - - [04/Sep/2022 19:59:20] "GET /posts/2 HTTP/1.1" 200 -
INFO:werkzeug:127.0.0.1 - - [04/Sep/2022 19:59:20] "[36mGET /static/css/styles.min.css HTTP/1.1[0m" 304 -
INFO:werkzeug:127.0.0.1 - - [04/Sep/2022 19:59:20] "[36mGET /static/img/bookmark.png HTTP/1.1[0m" 304 -
INFO:werkzeug:127.0.0.1 - - [04/Sep/2022 19:59:20] "[36mGET /static/img/eye.png HTTP/1.1[0m" 304 -
INFO:werkzeug:127.0.0.1 - - [04/Sep/2022 19:59:25] "GET /posts/3 HTTP/1.1" 200 -
INFO:werkzeug:127.0.0.1 - - [04/Sep/2022 19:59:25] "[36mGET /static/css/styles.min.css HTTP/1.1[0m" 304 -
INFO:werkzeug:127.0.0.1 - - [04/Sep/2022 19:59:25] "[36mGET /static/img/bookmark.png HTTP/1.1[0m" 304 -
INFO:werkzeug:127.0.0.1 - - [04/Sep/2022 19:59:25] "[36mGET /static/img/eye.png HTTP/1.1[0m" 304 -
INFO:werkzeug:127.0.0.1 - - [04/Sep/2022 19:59:28] "GET /posts/4 HTTP/1.1" 200 -
INFO:werkzeug:127.0.0.1 - - [04/Sep/2022 19:59:28] "[36mGET /static/css/styles.min.css HTTP/1.1[0m" 304 -
INFO:werkzeug:127.0.0.1 - - [04/Sep/2022 19:59:28] "[36mGET /static/img/bookmark.png HTTP/1.1[0m" 304 -
INFO:werkzeug:127.0.0.1 - - [04/Sep/2022 19:59:28] "[36mGET /static/img/eye.png HTTP/1.1[0m" 304 -
INFO:werkzeug:127.0.0.1 - - [04/Sep/2022 19:59:32] "GET /posts/5 HTTP/1.1" 200 -
INFO:werkzeug:127.0.0.1 - - [04/Sep/2022 19:59:32] "[36mGET /static/css/styles.min.css HTTP/1.1[0m" 304 -
INFO:werkzeug:127.0.0.1 - - [04/Sep/2022 19:59:32] "[36mGET /static/img/bookmark.png HTTP/1.1[0m" 304 -
INFO:werkzeug:127.0.0.1 - - [04/Sep/2022 19:59:32] "[36mGET /static/img/eye.png HTTP/1.1[0m" 304 -
INFO:werkzeug:127.0.0.1 - - [04/Sep/2022 19:59:37] "[33mGET /tag/любимыйкот HTTP/1.1[0m" 404 -
INFO:werkzeug:127.0.0.1 - - [04/Sep/2022 19:59:49] "[33mGET /tag/любимыйкот HTTP/1.1[0m" 404 -
INFO:werkzeug:[31m[1mWARNING: This is a development server. Do not use it in a production deployment. Use a production WSGI server instead.[0m
 * Running on http://127.0.0.1:5000
INFO:werkzeug:[33mPress CTRL+C to quit[0m
INFO:werkzeug: * Restarting with stat
WARNING:werkzeug: * Debugger is active!
INFO:werkzeug: * Debugger PIN: 331-110-069
INFO:werkzeug:127.0.0.1 - - [04/Sep/2022 20:04:35] "GET /posts/6 HTTP/1.1" 200 -
INFO:werkzeug:127.0.0.1 - - [04/Sep/2022 20:04:35] "[36mGET /static/css/styles.min.css HTTP/1.1[0m" 304 -
INFO:werkzeug:127.0.0.1 - - [04/Sep/2022 20:04:35] "[36mGET /static/img/bookmark.png HTTP/1.1[0m" 304 -
INFO:werkzeug:127.0.0.1 - - [04/Sep/2022 20:04:35] "[36mGET /static/img/eye.png HTTP/1.1[0m" 304 -
INFO:werkzeug:127.0.0.1 - - [04/Sep/2022 20:04:39] "GET /posts/5 HTTP/1.1" 200 -
INFO:werkzeug:127.0.0.1 - - [04/Sep/2022 20:04:39] "[36mGET /static/img/bookmark.png HTTP/1.1[0m" 304 -
INFO:werkzeug:127.0.0.1 - - [04/Sep/2022 20:04:39] "[36mGET /static/css/styles.min.css HTTP/1.1[0m" 304 -
INFO:werkzeug:127.0.0.1 - - [04/Sep/2022 20:04:39] "[36mGET /static/img/eye.png HTTP/1.1[0m" 304 -
INFO:werkzeug:127.0.0.1 - - [04/Sep/2022 20:04:39] "[36mGET /static/css/styles.min.css HTTP/1.1[0m" 304 -
INFO:werkzeug:127.0.0.1 - - [04/Sep/2022 20:04:39] "[36mGET /static/img/bookmark.png HTTP/1.1[0m" 304 -
INFO:werkzeug:127.0.0.1 - - [04/Sep/2022 20:04:39] "[36mGET /static/img/eye.png HTTP/1.1[0m" 304 -
INFO:werkzeug: * Detected change in 'c:\\Users\\Georgii\\Desktop\\pr\\homework\\instahram\\project\\main\\views.py', reloading
INFO:werkzeug: * Restarting with stat
WARNING:werkzeug: * Debugger is active!
INFO:werkzeug: * Debugger PIN: 331-110-069
INFO:werkzeug: * Detected change in 'c:\\Users\\Georgii\\Desktop\\pr\\homework\\instahram\\project\\main\\views.py', reloading
INFO:werkzeug: * Restarting with stat
WARNING:werkzeug: * Debugger is active!
INFO:werkzeug: * Debugger PIN: 331-110-069
INFO:werkzeug: * Detected change in 'c:\\Users\\Georgii\\Desktop\\pr\\homework\\instahram\\project\\main\\views.py', reloading
INFO:werkzeug: * Restarting with stat
INFO:werkzeug:[31m[1mWARNING: This is a development server. Do not use it in a production deployment. Use a production WSGI server instead.[0m
 * Running on http://127.0.0.1:5000
INFO:werkzeug:[33mPress CTRL+C to quit[0m
INFO:werkzeug: * Restarting with stat
WARNING:werkzeug: * Debugger is active!
INFO:werkzeug: * Debugger PIN: 331-110-069
INFO:werkzeug:127.0.0.1 - - [04/Sep/2022 20:26:02] "[33mGET /tag/ HTTP/1.1[0m" 404 -
INFO:werkzeug:127.0.0.1 - - [04/Sep/2022 20:26:40] "GET /tag/кот HTTP/1.1" 200 -
INFO:werkzeug:127.0.0.1 - - [04/Sep/2022 20:26:40] "[36mGET /static/css/styles.min.css HTTP/1.1[0m" 304 -
INFO:werkzeug: * Detected change in 'c:\\Users\\Georgii\\Desktop\\pr\\homework\\instahram\\project\\main\\views.py', reloading
INFO:werkzeug: * Restarting with stat
INFO:werkzeug:[31m[1mWARNING: This is a development server. Do not use it in a production deployment. Use a production WSGI server instead.[0m
 * Running on http://127.0.0.1:5000
INFO:werkzeug:[33mPress CTRL+C to quit[0m
INFO:werkzeug: * Restarting with stat
WARNING:werkzeug: * Debugger is active!
INFO:werkzeug: * Debugger PIN: 331-110-069
INFO:werkzeug:127.0.0.1 - - [04/Sep/2022 20:27:30] "GET /tag/кот HTTP/1.1" 200 -
INFO:werkzeug:127.0.0.1 - - [04/Sep/2022 20:27:31] "[36mGET /static/css/styles.min.css HTTP/1.1[0m" 304 -
INFO:werkzeug: * Detected change in 'c:\\Users\\Georgii\\Desktop\\pr\\homework\\instahram\\project\\main\\views.py', reloading
INFO:werkzeug: * Restarting with stat
WARNING:werkzeug: * Debugger is active!
INFO:werkzeug: * Debugger PIN: 331-110-069
INFO:werkzeug: * Detected change in 'c:\\Users\\Georgii\\Desktop\\pr\\homework\\instahram\\project\\main\\views.py', reloading
INFO:werkzeug: * Restarting with stat
WARNING:werkzeug: * Debugger is active!
INFO:werkzeug: * Debugger PIN: 331-110-069
INFO:werkzeug: * Detected change in 'c:\\Users\\Georgii\\Desktop\\pr\\homework\\instahram\\project\\main\\views.py', reloading
INFO:werkzeug: * Restarting with stat
WARNING:werkzeug: * Debugger is active!
INFO:werkzeug: * Debugger PIN: 331-110-069
INFO:werkzeug:[31m[1mWARNING: This is a development server. Do not use it in a production deployment. Use a production WSGI server instead.[0m
 * Running on http://127.0.0.1:5000
INFO:werkzeug:[33mPress CTRL+C to quit[0m
INFO:werkzeug: * Restarting with stat
WARNING:werkzeug: * Debugger is active!
INFO:werkzeug: * Debugger PIN: 331-110-069
INFO:werkzeug:127.0.0.1 - - [04/Sep/2022 20:28:18] "GET /tag/кот HTTP/1.1" 200 -
INFO:werkzeug:127.0.0.1 - - [04/Sep/2022 20:28:19] "[36mGET /static/css/styles.min.css HTTP/1.1[0m" 304 -
INFO:werkzeug:127.0.0.1 - - [04/Sep/2022 20:28:19] "[36mGET /static/img/eye.png HTTP/1.1[0m" 304 -
INFO:werkzeug:127.0.0.1 - - [04/Sep/2022 20:28:19] "[36mGET /static/img/bookmark.png HTTP/1.1[0m" 304 -
INFO:werkzeug: * Detected change in 'c:\\Users\\Georgii\\Desktop\\pr\\homework\\instahram\\project\\main\\views.py', reloading
INFO:werkzeug: * Restarting with stat
WARNING:werkzeug: * Debugger is active!
INFO:werkzeug: * Debugger PIN: 331-110-069
INFO:werkzeug: * Detected change in 'c:\\Users\\Georgii\\Desktop\\pr\\homework\\instahram\\project\\main\\views.py', reloading
INFO:werkzeug: * Restarting with stat
WARNING:werkzeug: * Debugger is active!
INFO:werkzeug: * Debugger PIN: 331-110-069
INFO:werkzeug: * Detected change in 'c:\\Users\\Georgii\\Desktop\\pr\\homework\\instahram\\project\\main\\views.py', reloading
INFO:werkzeug: * Restarting with stat
WARNING:werkzeug: * Debugger is active!
INFO:werkzeug: * Debugger PIN: 331-110-069
INFO:werkzeug:[31m[1mWARNING: This is a development server. Do not use it in a production deployment. Use a production WSGI server instead.[0m
 * Running on http://127.0.0.1:5000
INFO:werkzeug:[33mPress CTRL+C to quit[0m
INFO:werkzeug: * Restarting with stat
WARNING:werkzeug: * Debugger is active!
INFO:werkzeug: * Debugger PIN: 331-110-069
INFO:werkzeug:127.0.0.1 - - [04/Sep/2022 20:30:24] "GET /tag/кот HTTP/1.1" 200 -
INFO:werkzeug:127.0.0.1 - - [04/Sep/2022 20:30:24] "[36mGET /static/css/styles.min.css HTTP/1.1[0m" 304 -
INFO:werkzeug:127.0.0.1 - - [04/Sep/2022 20:30:24] "[36mGET /static/img/eye.png HTTP/1.1[0m" 304 -
INFO:werkzeug:127.0.0.1 - - [04/Sep/2022 20:30:24] "[36mGET /static/img/bookmark.png HTTP/1.1[0m" 304 -
INFO:werkzeug:[31m[1mWARNING: This is a development server. Do not use it in a production deployment. Use a production WSGI server instead.[0m
 * Running on http://127.0.0.1:5000
INFO:werkzeug:[33mPress CTRL+C to quit[0m
INFO:werkzeug: * Restarting with stat
WARNING:werkzeug: * Debugger is active!
INFO:werkzeug: * Debugger PIN: 331-110-069
INFO:werkzeug:127.0.0.1 - - [04/Sep/2022 20:30:45] "GET /tag/кот HTTP/1.1" 200 -
INFO:werkzeug:127.0.0.1 - - [04/Sep/2022 20:30:45] "[36mGET /static/css/styles.min.css HTTP/1.1[0m" 304 -
INFO:werkzeug:127.0.0.1 - - [04/Sep/2022 20:30:45] "[36mGET /static/img/eye.png HTTP/1.1[0m" 304 -
INFO:werkzeug:127.0.0.1 - - [04/Sep/2022 20:30:45] "[36mGET /static/img/bookmark.png HTTP/1.1[0m" 304 -
INFO:werkzeug:127.0.0.1 - - [04/Sep/2022 20:30:58] "GET /posts/5 HTTP/1.1" 200 -
INFO:werkzeug:127.0.0.1 - - [04/Sep/2022 20:30:58] "[36mGET /static/css/styles.min.css HTTP/1.1[0m" 304 -
INFO:werkzeug:127.0.0.1 - - [04/Sep/2022 20:30:58] "[36mGET /static/img/bookmark.png HTTP/1.1[0m" 304 -
INFO:werkzeug:127.0.0.1 - - [04/Sep/2022 20:30:58] "[36mGET /static/img/eye.png HTTP/1.1[0m" 304 -
INFO:werkzeug:127.0.0.1 - - [04/Sep/2022 20:31:03] "GET /tag/котики HTTP/1.1" 200 -
INFO:werkzeug:127.0.0.1 - - [04/Sep/2022 20:31:03] "[36mGET /static/css/styles.min.css HTTP/1.1[0m" 304 -
INFO:werkzeug:127.0.0.1 - - [04/Sep/2022 20:31:03] "[36mGET /static/img/eye.png HTTP/1.1[0m" 304 -
INFO:werkzeug:127.0.0.1 - - [04/Sep/2022 20:31:03] "[36mGET /static/img/bookmark.png HTTP/1.1[0m" 304 -
INFO:werkzeug:127.0.0.1 - - [04/Sep/2022 20:31:07] "GET /tag/любовькживотным HTTP/1.1" 200 -
INFO:werkzeug:127.0.0.1 - - [04/Sep/2022 20:31:07] "[36mGET /static/css/styles.min.css HTTP/1.1[0m" 304 -
INFO:werkzeug:127.0.0.1 - - [04/Sep/2022 20:31:07] "[36mGET /static/img/eye.png HTTP/1.1[0m" 304 -
INFO:werkzeug:127.0.0.1 - - [04/Sep/2022 20:31:07] "[36mGET /static/img/bookmark.png HTTP/1.1[0m" 304 -
INFO:werkzeug:127.0.0.1 - - [04/Sep/2022 20:31:10] "GET /tag/любимыйкот HTTP/1.1" 200 -
INFO:werkzeug:127.0.0.1 - - [04/Sep/2022 20:31:11] "[36mGET /static/css/styles.min.css HTTP/1.1[0m" 304 -
INFO:werkzeug:127.0.0.1 - - [04/Sep/2022 20:31:11] "[36mGET /static/img/eye.png HTTP/1.1[0m" 304 -
INFO:werkzeug:127.0.0.1 - - [04/Sep/2022 20:31:11] "[36mGET /static/img/bookmark.png HTTP/1.1[0m" 304 -
INFO:werkzeug:127.0.0.1 - - [04/Sep/2022 20:31:12] "GET /tag/инстаграм HTTP/1.1" 200 -
INFO:werkzeug:127.0.0.1 - - [04/Sep/2022 20:31:13] "[36mGET /static/css/styles.min.css HTTP/1.1[0m" 304 -
INFO:werkzeug:127.0.0.1 - - [04/Sep/2022 20:31:13] "[36mGET /static/img/eye.png HTTP/1.1[0m" 304 -
INFO:werkzeug:127.0.0.1 - - [04/Sep/2022 20:31:13] "[36mGET /static/img/bookmark.png HTTP/1.1[0m" 304 -
INFO:werkzeug: * Detected change in 'c:\\Users\\Georgii\\Desktop\\pr\\homework\\instahram\\project\\bookmarks\\views.py', reloading
INFO:werkzeug: * Restarting with stat
WARNING:werkzeug: * Debugger is active!
INFO:werkzeug: * Debugger PIN: 331-110-069
INFO:werkzeug: * Detected change in 'c:\\Users\\Georgii\\Desktop\\pr\\homework\\instahram\\project\\bookmarks\\views.py', reloading
INFO:werkzeug: * Restarting with stat
WARNING:werkzeug: * Debugger is active!
INFO:werkzeug: * Debugger PIN: 331-110-069
INFO:werkzeug: * Detected change in 'c:\\Users\\Georgii\\Desktop\\pr\\homework\\instahram\\project\\bookmarks\\views.py', reloading
INFO:werkzeug: * Restarting with stat
WARNING:werkzeug: * Debugger is active!
INFO:werkzeug: * Debugger PIN: 331-110-069
INFO:werkzeug: * Detected change in 'c:\\Users\\Georgii\\Desktop\\pr\\homework\\instahram\\project\\bookmarks\\views.py', reloading
INFO:werkzeug: * Restarting with stat
WARNING:werkzeug: * Debugger is active!
INFO:werkzeug: * Debugger PIN: 331-110-069
INFO:werkzeug: * Detected change in 'c:\\Users\\Georgii\\Desktop\\pr\\homework\\instahram\\project\\bookmarks\\views.py', reloading
INFO:werkzeug: * Restarting with stat
WARNING:werkzeug: * Debugger is active!
INFO:werkzeug: * Debugger PIN: 331-110-069
INFO:werkzeug: * Detected change in 'c:\\Users\\Georgii\\Desktop\\pr\\homework\\instahram\\project\\bookmarks\\views.py', reloading
INFO:werkzeug: * Restarting with stat
WARNING:werkzeug: * Debugger is active!
INFO:werkzeug: * Debugger PIN: 331-110-069
INFO:werkzeug: * Detected change in 'c:\\Users\\Georgii\\Desktop\\pr\\homework\\instahram\\project\\bookmarks\\views.py', reloading
INFO:werkzeug: * Restarting with stat
WARNING:werkzeug: * Debugger is active!
INFO:werkzeug: * Debugger PIN: 331-110-069
INFO:werkzeug: * Detected change in 'c:\\Users\\Georgii\\Desktop\\pr\\homework\\instahram\\project\\bookmarks\\views.py', reloading
INFO:werkzeug: * Restarting with stat
WARNING:werkzeug: * Debugger is active!
INFO:werkzeug: * Debugger PIN: 331-110-069
INFO:werkzeug: * Detected change in 'c:\\Users\\Georgii\\Desktop\\pr\\homework\\instahram\\project\\utils.py', reloading
INFO:werkzeug: * Restarting with stat
WARNING:werkzeug: * Debugger is active!
INFO:werkzeug: * Debugger PIN: 331-110-069
INFO:werkzeug: * Detected change in 'c:\\Users\\Georgii\\Desktop\\pr\\homework\\instahram\\project\\utils.py', reloading
INFO:werkzeug: * Restarting with stat
WARNING:werkzeug: * Debugger is active!
INFO:werkzeug: * Debugger PIN: 331-110-069
INFO:werkzeug: * Detected change in 'c:\\Users\\Georgii\\Desktop\\pr\\homework\\instahram\\project\\utils.py', reloading
INFO:werkzeug: * Restarting with stat
WARNING:werkzeug: * Debugger is active!
INFO:werkzeug: * Debugger PIN: 331-110-069
INFO:werkzeug: * Detected change in 'c:\\Users\\Georgii\\Desktop\\pr\\homework\\instahram\\project\\functions.py', reloading
INFO:werkzeug: * Restarting with stat
WARNING:werkzeug: * Debugger is active!
INFO:werkzeug: * Debugger PIN: 331-110-069
INFO:werkzeug: * Detected change in 'c:\\Users\\Georgii\\Desktop\\pr\\homework\\instahram\\project\\utils.py', reloading
INFO:werkzeug: * Restarting with stat
WARNING:werkzeug: * Debugger is active!
INFO:werkzeug: * Debugger PIN: 331-110-069
INFO:werkzeug: * Detected change in 'c:\\Users\\Georgii\\Desktop\\pr\\homework\\instahram\\project\\functions.py', reloading
INFO:werkzeug: * Restarting with stat
WARNING:werkzeug: * Debugger is active!
INFO:werkzeug: * Debugger PIN: 331-110-069
INFO:werkzeug: * Detected change in 'c:\\Users\\Georgii\\Desktop\\pr\\homework\\instahram\\project\\bookmarks\\views.py', reloading
INFO:werkzeug: * Restarting with stat
WARNING:werkzeug: * Debugger is active!
INFO:werkzeug: * Debugger PIN: 331-110-069
INFO:werkzeug: * Detected change in 'c:\\Users\\Georgii\\Desktop\\pr\\homework\\instahram\\project\\bookmarks\\views.py', reloading
INFO:werkzeug: * Restarting with stat
WARNING:werkzeug: * Debugger is active!
INFO:werkzeug: * Debugger PIN: 331-110-069
INFO:werkzeug: * Detected change in 'c:\\Users\\Georgii\\Desktop\\pr\\homework\\instahram\\project\\bookmarks\\views.py', reloading
INFO:werkzeug: * Restarting with stat
WARNING:werkzeug: * Debugger is active!
INFO:werkzeug: * Debugger PIN: 331-110-069
INFO:werkzeug: * Detected change in 'c:\\Users\\Georgii\\Desktop\\pr\\homework\\instahram\\project\\bookmarks\\views.py', reloading
INFO:werkzeug: * Restarting with stat
WARNING:werkzeug: * Debugger is active!
INFO:werkzeug: * Debugger PIN: 331-110-069
INFO:werkzeug: * Detected change in 'c:\\Users\\Georgii\\Desktop\\pr\\homework\\instahram\\project\\bookmarks\\views.py', reloading
INFO:werkzeug: * Restarting with stat
WARNING:werkzeug: * Debugger is active!
INFO:werkzeug: * Debugger PIN: 331-110-069
INFO:werkzeug: * Detected change in 'c:\\Users\\Georgii\\Desktop\\pr\\homework\\instahram\\project\\bookmarks\\views.py', reloading
INFO:werkzeug: * Restarting with stat
WARNING:werkzeug: * Debugger is active!
INFO:werkzeug: * Debugger PIN: 331-110-069
INFO:werkzeug: * Detected change in 'c:\\Users\\Georgii\\Desktop\\pr\\homework\\instahram\\project\\bookmarks\\views.py', reloading
INFO:werkzeug: * Restarting with stat
WARNING:werkzeug: * Debugger is active!
INFO:werkzeug: * Debugger PIN: 331-110-069
INFO:werkzeug: * Detected change in 'c:\\Users\\Georgii\\Desktop\\pr\\homework\\instahram\\project\\bookmarks\\views.py', reloading
INFO:werkzeug: * Restarting with stat
WARNING:werkzeug: * Debugger is active!
INFO:werkzeug: * Debugger PIN: 331-110-069
INFO:werkzeug: * Detected change in 'c:\\Users\\Georgii\\Desktop\\pr\\homework\\instahram\\project\\bookmarks\\views.py', reloading
INFO:werkzeug: * Restarting with stat
WARNING:werkzeug: * Debugger is active!
INFO:werkzeug: * Debugger PIN: 331-110-069
INFO:werkzeug: * Detected change in 'c:\\Users\\Georgii\\Desktop\\pr\\homework\\instahram\\project\\bookmarks\\views.py', reloading
INFO:werkzeug: * Restarting with stat
WARNING:werkzeug: * Debugger is active!
INFO:werkzeug: * Debugger PIN: 331-110-069
INFO:werkzeug: * Detected change in 'c:\\Users\\Georgii\\Desktop\\pr\\homework\\instahram\\project\\bookmarks\\views.py', reloading
INFO:werkzeug: * Restarting with stat
WARNING:werkzeug: * Debugger is active!
INFO:werkzeug: * Debugger PIN: 331-110-069
INFO:werkzeug: * Detected change in 'c:\\Users\\Georgii\\Desktop\\pr\\homework\\instahram\\project\\bookmarks\\views.py', reloading
INFO:werkzeug: * Restarting with stat
WARNING:werkzeug: * Debugger is active!
INFO:werkzeug: * Debugger PIN: 331-110-069
INFO:werkzeug: * Detected change in 'c:\\Users\\Georgii\\Desktop\\pr\\homework\\instahram\\project\\bookmarks\\views.py', reloading
INFO:werkzeug: * Restarting with stat
WARNING:werkzeug: * Debugger is active!
INFO:werkzeug: * Debugger PIN: 331-110-069
INFO:werkzeug: * Detected change in 'c:\\Users\\Georgii\\Desktop\\pr\\homework\\instahram\\project\\bookmarks\\views.py', reloading
INFO:werkzeug: * Restarting with stat
WARNING:werkzeug: * Debugger is active!
INFO:werkzeug: * Debugger PIN: 331-110-069
INFO:werkzeug: * Detected change in 'c:\\Users\\Georgii\\Desktop\\pr\\homework\\instahram\\project\\bookmarks\\views.py', reloading
INFO:werkzeug: * Restarting with stat
WARNING:werkzeug: * Debugger is active!
INFO:werkzeug: * Debugger PIN: 331-110-069
INFO:werkzeug: * Detected change in 'c:\\Users\\Georgii\\Desktop\\pr\\homework\\instahram\\project\\bookmarks\\views.py', reloading
INFO:werkzeug: * Restarting with stat
WARNING:werkzeug: * Debugger is active!
INFO:werkzeug: * Debugger PIN: 331-110-069
INFO:werkzeug: * Detected change in 'c:\\Users\\Georgii\\Desktop\\pr\\homework\\instahram\\project\\bookmarks\\views.py', reloading
INFO:werkzeug: * Restarting with stat
WARNING:werkzeug: * Debugger is active!
INFO:werkzeug: * Debugger PIN: 331-110-069
INFO:werkzeug: * Detected change in 'c:\\Users\\Georgii\\Desktop\\pr\\homework\\instahram\\project\\bookmarks\\views.py', reloading
INFO:werkzeug: * Restarting with stat
WARNING:werkzeug: * Debugger is active!
INFO:werkzeug: * Debugger PIN: 331-110-069
INFO:werkzeug: * Detected change in 'c:\\Users\\Georgii\\Desktop\\pr\\homework\\instahram\\project\\bookmarks\\views.py', reloading
INFO:werkzeug: * Restarting with stat
WARNING:werkzeug: * Debugger is active!
INFO:werkzeug: * Debugger PIN: 331-110-069
INFO:werkzeug: * Detected change in 'c:\\Users\\Georgii\\Desktop\\pr\\homework\\instahram\\project\\bookmarks\\views.py', reloading
INFO:werkzeug: * Restarting with stat
WARNING:werkzeug: * Debugger is active!
INFO:werkzeug: * Debugger PIN: 331-110-069
INFO:werkzeug: * Detected change in 'c:\\Users\\Georgii\\Desktop\\pr\\homework\\instahram\\project\\bookmarks\\views.py', reloading
INFO:werkzeug: * Restarting with stat
WARNING:werkzeug: * Debugger is active!
INFO:werkzeug: * Debugger PIN: 331-110-069
INFO:werkzeug: * Detected change in 'c:\\Users\\Georgii\\Desktop\\pr\\homework\\instahram\\project\\bookmarks\\views.py', reloading
INFO:werkzeug: * Restarting with stat
WARNING:werkzeug: * Debugger is active!
INFO:werkzeug: * Debugger PIN: 331-110-069
INFO:werkzeug: * Detected change in 'c:\\Users\\Georgii\\Desktop\\pr\\homework\\instahram\\project\\bookmarks\\views.py', reloading
INFO:werkzeug: * Restarting with stat
WARNING:werkzeug: * Debugger is active!
INFO:werkzeug: * Debugger PIN: 331-110-069
INFO:werkzeug: * Detected change in 'c:\\Users\\Georgii\\Desktop\\pr\\homework\\instahram\\project\\bookmarks\\views.py', reloading
INFO:werkzeug: * Restarting with stat
WARNING:werkzeug: * Debugger is active!
INFO:werkzeug: * Debugger PIN: 331-110-069
INFO:werkzeug: * Detected change in 'c:\\Users\\Georgii\\Desktop\\pr\\homework\\instahram\\project\\bookmarks\\utils.py', reloading
INFO:werkzeug: * Restarting with stat
WARNING:werkzeug: * Debugger is active!
INFO:werkzeug: * Debugger PIN: 331-110-069
INFO:werkzeug: * Detected change in 'c:\\Users\\Georgii\\Desktop\\pr\\homework\\instahram\\project\\bookmarks\\utils.py', reloading
INFO:werkzeug: * Restarting with stat
WARNING:werkzeug: * Debugger is active!
INFO:werkzeug: * Debugger PIN: 331-110-069
INFO:werkzeug: * Detected change in 'c:\\Users\\Georgii\\Desktop\\pr\\homework\\instahram\\project\\bookmarks\\views.py', reloading
INFO:werkzeug: * Restarting with stat
WARNING:werkzeug: * Debugger is active!
INFO:werkzeug: * Debugger PIN: 331-110-069
INFO:werkzeug: * Detected change in 'c:\\Users\\Georgii\\Desktop\\pr\\homework\\instahram\\project\\bookmarks\\utils.py', reloading
INFO:werkzeug: * Restarting with stat
WARNING:werkzeug: * Debugger is active!
INFO:werkzeug: * Debugger PIN: 331-110-069
INFO:werkzeug: * Detected change in 'c:\\Users\\Georgii\\Desktop\\pr\\homework\\instahram\\project\\bookmarks\\utils.py', reloading
INFO:werkzeug: * Restarting with stat
WARNING:werkzeug: * Debugger is active!
INFO:werkzeug: * Debugger PIN: 331-110-069
INFO:werkzeug: * Detected change in 'c:\\Users\\Georgii\\Desktop\\pr\\homework\\instahram\\project\\bookmarks\\utils.py', reloading
INFO:werkzeug: * Restarting with stat
WARNING:werkzeug: * Debugger is active!
INFO:werkzeug: * Debugger PIN: 331-110-069
INFO:werkzeug: * Detected change in 'c:\\Users\\Georgii\\Desktop\\pr\\homework\\instahram\\project\\bookmarks\\utils.py', reloading
INFO:werkzeug: * Restarting with stat
WARNING:werkzeug: * Debugger is active!
INFO:werkzeug: * Debugger PIN: 331-110-069
INFO:werkzeug: * Detected change in 'c:\\Users\\Georgii\\Desktop\\pr\\homework\\instahram\\project\\bookmarks\\utils.py', reloading
INFO:werkzeug: * Restarting with stat
WARNING:werkzeug: * Debugger is active!
INFO:werkzeug: * Debugger PIN: 331-110-069
INFO:werkzeug: * Detected change in 'c:\\Users\\Georgii\\Desktop\\pr\\homework\\instahram\\project\\bookmarks\\utils.py', reloading
INFO:werkzeug: * Restarting with stat
WARNING:werkzeug: * Debugger is active!
INFO:werkzeug: * Debugger PIN: 331-110-069
INFO:werkzeug: * Detected change in 'c:\\Users\\Georgii\\Desktop\\pr\\homework\\instahram\\project\\bookmarks\\utils.py', reloading
INFO:werkzeug: * Restarting with stat
WARNING:werkzeug: * Debugger is active!
INFO:werkzeug: * Debugger PIN: 331-110-069
INFO:werkzeug: * Detected change in 'c:\\Users\\Georgii\\Desktop\\pr\\homework\\instahram\\project\\bookmarks\\utils.py', reloading
INFO:werkzeug: * Restarting with stat
WARNING:werkzeug: * Debugger is active!
INFO:werkzeug: * Debugger PIN: 331-110-069
INFO:werkzeug: * Detected change in 'c:\\Users\\Georgii\\Desktop\\pr\\homework\\instahram\\project\\bookmarks\\utils.py', reloading
INFO:werkzeug: * Restarting with stat
WARNING:werkzeug: * Debugger is active!
INFO:werkzeug: * Debugger PIN: 331-110-069
INFO:werkzeug: * Detected change in 'c:\\Users\\Georgii\\Desktop\\pr\\homework\\instahram\\project\\bookmarks\\utils.py', reloading
INFO:werkzeug: * Restarting with stat
WARNING:werkzeug: * Debugger is active!
INFO:werkzeug: * Debugger PIN: 331-110-069
INFO:werkzeug: * Detected change in 'c:\\Users\\Georgii\\Desktop\\pr\\homework\\instahram\\project\\bookmarks\\utils.py', reloading
INFO:werkzeug: * Restarting with stat
WARNING:werkzeug: * Debugger is active!
INFO:werkzeug: * Debugger PIN: 331-110-069
INFO:werkzeug: * Detected change in 'c:\\Users\\Georgii\\Desktop\\pr\\homework\\instahram\\project\\bookmarks\\utils.py', reloading
INFO:werkzeug: * Restarting with stat
WARNING:werkzeug: * Debugger is active!
INFO:werkzeug: * Debugger PIN: 331-110-069
INFO:werkzeug: * Detected change in 'c:\\Users\\Georgii\\Desktop\\pr\\homework\\instahram\\project\\bookmarks\\utils.py', reloading
INFO:werkzeug: * Restarting with stat
WARNING:werkzeug: * Debugger is active!
INFO:werkzeug: * Debugger PIN: 331-110-069
INFO:werkzeug: * Detected change in 'c:\\Users\\Georgii\\Desktop\\pr\\homework\\instahram\\project\\bookmarks\\utils.py', reloading
INFO:werkzeug: * Restarting with stat
WARNING:werkzeug: * Debugger is active!
INFO:werkzeug: * Debugger PIN: 331-110-069
INFO:werkzeug: * Detected change in 'c:\\Users\\Georgii\\Desktop\\pr\\homework\\instahram\\project\\bookmarks\\utils.py', reloading
INFO:werkzeug: * Restarting with stat
WARNING:werkzeug: * Debugger is active!
INFO:werkzeug: * Debugger PIN: 331-110-069
INFO:werkzeug: * Detected change in 'c:\\Users\\Georgii\\Desktop\\pr\\homework\\instahram\\project\\bookmarks\\utils.py', reloading
INFO:werkzeug: * Restarting with stat
WARNING:werkzeug: * Debugger is active!
INFO:werkzeug: * Debugger PIN: 331-110-069
INFO:werkzeug: * Detected change in 'c:\\Users\\Georgii\\Desktop\\pr\\homework\\instahram\\project\\bookmarks\\utils.py', reloading
INFO:werkzeug: * Restarting with stat
WARNING:werkzeug: * Debugger is active!
INFO:werkzeug: * Debugger PIN: 331-110-069
INFO:werkzeug: * Detected change in 'c:\\Users\\Georgii\\Desktop\\pr\\homework\\instahram\\project\\bookmarks\\utils.py', reloading
INFO:werkzeug: * Restarting with stat
WARNING:werkzeug: * Debugger is active!
INFO:werkzeug: * Debugger PIN: 331-110-069
INFO:werkzeug: * Detected change in 'c:\\Users\\Georgii\\Desktop\\pr\\homework\\instahram\\project\\bookmarks\\utils.py', reloading
INFO:werkzeug: * Restarting with stat
WARNING:werkzeug: * Debugger is active!
INFO:werkzeug: * Debugger PIN: 331-110-069
INFO:werkzeug: * Detected change in 'c:\\Users\\Georgii\\Desktop\\pr\\homework\\instahram\\project\\bookmarks\\utils.py', reloading
INFO:werkzeug: * Restarting with stat
WARNING:werkzeug: * Debugger is active!
INFO:werkzeug: * Debugger PIN: 331-110-069
INFO:werkzeug: * Detected change in 'c:\\Users\\Georgii\\Desktop\\pr\\homework\\instahram\\project\\bookmarks\\utils.py', reloading
INFO:werkzeug: * Restarting with stat
WARNING:werkzeug: * Debugger is active!
INFO:werkzeug: * Debugger PIN: 331-110-069
INFO:werkzeug: * Detected change in 'c:\\Users\\Georgii\\Desktop\\pr\\homework\\instahram\\project\\bookmarks\\utils.py', reloading
INFO:werkzeug: * Restarting with stat
WARNING:werkzeug: * Debugger is active!
INFO:werkzeug: * Debugger PIN: 331-110-069
INFO:werkzeug: * Detected change in 'c:\\Users\\Georgii\\Desktop\\pr\\homework\\instahram\\project\\bookmarks\\utils.py', reloading
INFO:werkzeug: * Restarting with stat
WARNING:werkzeug: * Debugger is active!
INFO:werkzeug: * Debugger PIN: 331-110-069
INFO:werkzeug: * Detected change in 'c:\\Users\\Georgii\\Desktop\\pr\\homework\\instahram\\project\\bookmarks\\utils.py', reloading
INFO:werkzeug: * Restarting with stat
WARNING:werkzeug: * Debugger is active!
INFO:werkzeug: * Debugger PIN: 331-110-069
INFO:werkzeug: * Detected change in 'c:\\Users\\Georgii\\Desktop\\pr\\homework\\instahram\\project\\bookmarks\\utils.py', reloading
INFO:werkzeug: * Restarting with stat
WARNING:werkzeug: * Debugger is active!
INFO:werkzeug: * Debugger PIN: 331-110-069
INFO:werkzeug: * Detected change in 'c:\\Users\\Georgii\\Desktop\\pr\\homework\\instahram\\project\\bookmarks\\utils.py', reloading
INFO:werkzeug: * Restarting with stat
WARNING:werkzeug: * Debugger is active!
INFO:werkzeug: * Debugger PIN: 331-110-069
INFO:werkzeug: * Detected change in 'c:\\Users\\Georgii\\Desktop\\pr\\homework\\instahram\\project\\bookmarks\\utils.py', reloading
INFO:werkzeug: * Restarting with stat
WARNING:werkzeug: * Debugger is active!
INFO:werkzeug: * Debugger PIN: 331-110-069
INFO:werkzeug: * Detected change in 'c:\\Users\\Georgii\\Desktop\\pr\\homework\\instahram\\project\\bookmarks\\utils.py', reloading
INFO:werkzeug: * Restarting with stat
WARNING:werkzeug: * Debugger is active!
INFO:werkzeug: * Debugger PIN: 331-110-069
INFO:werkzeug: * Detected change in 'c:\\Users\\Georgii\\Desktop\\pr\\homework\\instahram\\project\\bookmarks\\utils.py', reloading
INFO:werkzeug: * Restarting with stat
WARNING:werkzeug: * Debugger is active!
INFO:werkzeug: * Debugger PIN: 331-110-069
INFO:werkzeug: * Detected change in 'c:\\Users\\Georgii\\Desktop\\pr\\homework\\instahram\\project\\bookmarks\\utils.py', reloading
INFO:werkzeug: * Restarting with stat
WARNING:werkzeug: * Debugger is active!
INFO:werkzeug: * Debugger PIN: 331-110-069
INFO:werkzeug: * Detected change in 'c:\\Users\\Georgii\\Desktop\\pr\\homework\\instahram\\project\\bookmarks\\utils.py', reloading
INFO:werkzeug: * Restarting with stat
WARNING:werkzeug: * Debugger is active!
INFO:werkzeug: * Debugger PIN: 331-110-069
INFO:werkzeug: * Detected change in 'c:\\Users\\Georgii\\Desktop\\pr\\homework\\instahram\\project\\bookmarks\\utils.py', reloading
INFO:werkzeug: * Restarting with stat
WARNING:werkzeug: * Debugger is active!
INFO:werkzeug: * Debugger PIN: 331-110-069
INFO:werkzeug: * Detected change in 'c:\\Users\\Georgii\\Desktop\\pr\\homework\\instahram\\project\\bookmarks\\utils.py', reloading
INFO:werkzeug: * Restarting with stat
WARNING:werkzeug: * Debugger is active!
INFO:werkzeug: * Debugger PIN: 331-110-069
INFO:werkzeug: * Detected change in 'c:\\Users\\Georgii\\Desktop\\pr\\homework\\instahram\\project\\bookmarks\\utils.py', reloading
INFO:werkzeug: * Restarting with stat
WARNING:werkzeug: * Debugger is active!
INFO:werkzeug: * Debugger PIN: 331-110-069
INFO:werkzeug: * Detected change in 'c:\\Users\\Georgii\\Desktop\\pr\\homework\\instahram\\project\\bookmarks\\utils.py', reloading
INFO:werkzeug: * Restarting with stat
WARNING:werkzeug: * Debugger is active!
INFO:werkzeug: * Debugger PIN: 331-110-069
INFO:werkzeug: * Detected change in 'c:\\Users\\Georgii\\Desktop\\pr\\homework\\instahram\\project\\bookmarks\\utils.py', reloading
INFO:werkzeug: * Restarting with stat
WARNING:werkzeug: * Debugger is active!
INFO:werkzeug: * Debugger PIN: 331-110-069
INFO:werkzeug: * Detected change in 'c:\\Users\\Georgii\\Desktop\\pr\\homework\\instahram\\project\\bookmarks\\utils.py', reloading
INFO:werkzeug: * Restarting with stat
WARNING:werkzeug: * Debugger is active!
INFO:werkzeug: * Debugger PIN: 331-110-069
INFO:werkzeug: * Detected change in 'c:\\Users\\Georgii\\Desktop\\pr\\homework\\instahram\\project\\bookmarks\\utils.py', reloading
INFO:werkzeug: * Restarting with stat
WARNING:werkzeug: * Debugger is active!
INFO:werkzeug: * Debugger PIN: 331-110-069
INFO:werkzeug: * Detected change in 'c:\\Users\\Georgii\\Desktop\\pr\\homework\\instahram\\project\\bookmarks\\utils.py', reloading
INFO:werkzeug: * Restarting with stat
WARNING:werkzeug: * Debugger is active!
INFO:werkzeug: * Debugger PIN: 331-110-069
INFO:werkzeug: * Detected change in 'c:\\Users\\Georgii\\Desktop\\pr\\homework\\instahram\\project\\bookmarks\\utils.py', reloading
INFO:werkzeug: * Restarting with stat
WARNING:werkzeug: * Debugger is active!
INFO:werkzeug: * Debugger PIN: 331-110-069
INFO:werkzeug: * Detected change in 'c:\\Users\\Georgii\\Desktop\\pr\\homework\\instahram\\project\\bookmarks\\utils.py', reloading
INFO:werkzeug: * Restarting with stat
WARNING:werkzeug: * Debugger is active!
INFO:werkzeug: * Debugger PIN: 331-110-069
INFO:werkzeug: * Detected change in 'c:\\Users\\Georgii\\Desktop\\pr\\homework\\instahram\\project\\bookmarks\\utils.py', reloading
INFO:werkzeug: * Restarting with stat
WARNING:werkzeug: * Debugger is active!
INFO:werkzeug: * Debugger PIN: 331-110-069
INFO:werkzeug: * Detected change in 'c:\\Users\\Georgii\\Desktop\\pr\\homework\\instahram\\project\\bookmarks\\utils.py', reloading
INFO:werkzeug: * Restarting with stat
WARNING:werkzeug: * Debugger is active!
INFO:werkzeug: * Debugger PIN: 331-110-069
INFO:werkzeug: * Detected change in 'c:\\Users\\Georgii\\Desktop\\pr\\homework\\instahram\\project\\bookmarks\\utils.py', reloading
INFO:werkzeug: * Restarting with stat
WARNING:werkzeug: * Debugger is active!
INFO:werkzeug: * Debugger PIN: 331-110-069
INFO:werkzeug: * Detected change in 'c:\\Users\\Georgii\\Desktop\\pr\\homework\\instahram\\project\\bookmarks\\utils.py', reloading
INFO:werkzeug: * Restarting with stat
WARNING:werkzeug: * Debugger is active!
INFO:werkzeug: * Debugger PIN: 331-110-069
INFO:werkzeug: * Detected change in 'c:\\Users\\Georgii\\Desktop\\pr\\homework\\instahram\\project\\bookmarks\\utils.py', reloading
INFO:werkzeug: * Restarting with stat
WARNING:werkzeug: * Debugger is active!
INFO:werkzeug: * Debugger PIN: 331-110-069
INFO:werkzeug: * Detected change in 'c:\\Users\\Georgii\\Desktop\\pr\\homework\\instahram\\project\\bookmarks\\utils.py', reloading
INFO:werkzeug: * Restarting with stat
WARNING:werkzeug: * Debugger is active!
INFO:werkzeug: * Debugger PIN: 331-110-069
INFO:werkzeug: * Detected change in 'c:\\Users\\Georgii\\Desktop\\pr\\homework\\instahram\\project\\bookmarks\\utils.py', reloading
INFO:werkzeug: * Restarting with stat
WARNING:werkzeug: * Debugger is active!
INFO:werkzeug: * Debugger PIN: 331-110-069
INFO:werkzeug: * Detected change in 'c:\\Users\\Georgii\\Desktop\\pr\\homework\\instahram\\project\\bookmarks\\utils.py', reloading
INFO:werkzeug: * Restarting with stat
WARNING:werkzeug: * Debugger is active!
INFO:werkzeug: * Debugger PIN: 331-110-069
INFO:werkzeug: * Detected change in 'c:\\Users\\Georgii\\Desktop\\pr\\homework\\instahram\\project\\bookmarks\\utils.py', reloading
INFO:werkzeug: * Restarting with stat
WARNING:werkzeug: * Debugger is active!
INFO:werkzeug: * Debugger PIN: 331-110-069
INFO:werkzeug: * Detected change in 'c:\\Users\\Georgii\\Desktop\\pr\\homework\\instahram\\project\\bookmarks\\utils.py', reloading
INFO:werkzeug: * Restarting with stat
WARNING:werkzeug: * Debugger is active!
INFO:werkzeug: * Debugger PIN: 331-110-069
INFO:werkzeug: * Detected change in 'c:\\Users\\Georgii\\Desktop\\pr\\homework\\instahram\\project\\bookmarks\\utils.py', reloading
INFO:werkzeug: * Restarting with stat
WARNING:werkzeug: * Debugger is active!
INFO:werkzeug: * Debugger PIN: 331-110-069
INFO:werkzeug: * Detected change in 'c:\\Users\\Georgii\\Desktop\\pr\\homework\\instahram\\project\\bookmarks\\utils.py', reloading
INFO:werkzeug: * Restarting with stat
WARNING:werkzeug: * Debugger is active!
INFO:werkzeug: * Debugger PIN: 331-110-069
INFO:werkzeug: * Detected change in 'c:\\Users\\Georgii\\Desktop\\pr\\homework\\instahram\\project\\bookmarks\\utils.py', reloading
INFO:werkzeug: * Restarting with stat
WARNING:werkzeug: * Debugger is active!
INFO:werkzeug: * Debugger PIN: 331-110-069
INFO:werkzeug: * Detected change in 'c:\\Users\\Georgii\\Desktop\\pr\\homework\\instahram\\project\\bookmarks\\utils.py', reloading
INFO:werkzeug: * Restarting with stat
WARNING:werkzeug: * Debugger is active!
INFO:werkzeug: * Debugger PIN: 331-110-069
INFO:werkzeug: * Detected change in 'c:\\Users\\Georgii\\Desktop\\pr\\homework\\instahram\\project\\bookmarks\\utils.py', reloading
INFO:werkzeug: * Restarting with stat
WARNING:werkzeug: * Debugger is active!
INFO:werkzeug: * Debugger PIN: 331-110-069
INFO:werkzeug: * Detected change in 'c:\\Users\\Georgii\\Desktop\\pr\\homework\\instahram\\project\\bookmarks\\utils.py', reloading
INFO:werkzeug: * Restarting with stat
WARNING:werkzeug: * Debugger is active!
INFO:werkzeug: * Debugger PIN: 331-110-069
INFO:werkzeug: * Detected change in 'c:\\Users\\Georgii\\Desktop\\pr\\homework\\instahram\\project\\bookmarks\\utils.py', reloading
INFO:werkzeug: * Restarting with stat
WARNING:werkzeug: * Debugger is active!
INFO:werkzeug: * Debugger PIN: 331-110-069
INFO:werkzeug: * Detected change in 'c:\\Users\\Georgii\\Desktop\\pr\\homework\\instahram\\project\\bookmarks\\utils.py', reloading
INFO:werkzeug: * Restarting with stat
WARNING:werkzeug: * Debugger is active!
INFO:werkzeug: * Debugger PIN: 331-110-069
INFO:werkzeug: * Detected change in 'c:\\Users\\Georgii\\Desktop\\pr\\homework\\instahram\\project\\bookmarks\\utils.py', reloading
INFO:werkzeug: * Restarting with stat
WARNING:werkzeug: * Debugger is active!
INFO:werkzeug: * Debugger PIN: 331-110-069
INFO:werkzeug: * Detected change in 'c:\\Users\\Georgii\\Desktop\\pr\\homework\\instahram\\project\\bookmarks\\utils.py', reloading
INFO:werkzeug: * Restarting with stat
WARNING:werkzeug: * Debugger is active!
INFO:werkzeug: * Debugger PIN: 331-110-069
INFO:werkzeug: * Detected change in 'c:\\Users\\Georgii\\Desktop\\pr\\homework\\instahram\\project\\bookmarks\\utils.py', reloading
INFO:werkzeug: * Restarting with stat
WARNING:werkzeug: * Debugger is active!
INFO:werkzeug: * Debugger PIN: 331-110-069
INFO:werkzeug: * Detected change in 'c:\\Users\\Georgii\\Desktop\\pr\\homework\\instahram\\project\\bookmarks\\utils.py', reloading
INFO:werkzeug: * Restarting with stat
WARNING:werkzeug: * Debugger is active!
INFO:werkzeug: * Debugger PIN: 331-110-069
INFO:werkzeug: * Detected change in 'c:\\Users\\Georgii\\Desktop\\pr\\homework\\instahram\\project\\bookmarks\\utils.py', reloading
INFO:werkzeug: * Restarting with stat
WARNING:werkzeug: * Debugger is active!
INFO:werkzeug: * Debugger PIN: 331-110-069
INFO:werkzeug: * Detected change in 'c:\\Users\\Georgii\\Desktop\\pr\\homework\\instahram\\project\\bookmarks\\utils.py', reloading
INFO:werkzeug: * Restarting with stat
WARNING:werkzeug: * Debugger is active!
INFO:werkzeug: * Debugger PIN: 331-110-069
INFO:werkzeug: * Detected change in 'c:\\Users\\Georgii\\Desktop\\pr\\homework\\instahram\\project\\bookmarks\\utils.py', reloading
INFO:werkzeug: * Restarting with stat
WARNING:werkzeug: * Debugger is active!
INFO:werkzeug: * Debugger PIN: 331-110-069
INFO:werkzeug: * Detected change in 'c:\\Users\\Georgii\\Desktop\\pr\\homework\\instahram\\project\\bookmarks\\utils.py', reloading
INFO:werkzeug: * Restarting with stat
WARNING:werkzeug: * Debugger is active!
INFO:werkzeug: * Debugger PIN: 331-110-069
INFO:werkzeug: * Detected change in 'c:\\Users\\Georgii\\Desktop\\pr\\homework\\instahram\\project\\bookmarks\\utils.py', reloading
INFO:werkzeug: * Restarting with stat
WARNING:werkzeug: * Debugger is active!
INFO:werkzeug: * Debugger PIN: 331-110-069
INFO:werkzeug: * Detected change in 'c:\\Users\\Georgii\\Desktop\\pr\\homework\\instahram\\project\\bookmarks\\utils.py', reloading
INFO:werkzeug: * Restarting with stat
WARNING:werkzeug: * Debugger is active!
INFO:werkzeug: * Debugger PIN: 331-110-069
INFO:werkzeug: * Detected change in 'c:\\Users\\Georgii\\Desktop\\pr\\homework\\instahram\\project\\bookmarks\\utils.py', reloading
INFO:werkzeug: * Restarting with stat
WARNING:werkzeug: * Debugger is active!
INFO:werkzeug: * Debugger PIN: 331-110-069
INFO:werkzeug: * Detected change in 'c:\\Users\\Georgii\\Desktop\\pr\\homework\\instahram\\project\\bookmarks\\utils.py', reloading
INFO:werkzeug: * Restarting with stat
WARNING:werkzeug: * Debugger is active!
INFO:werkzeug: * Debugger PIN: 331-110-069
INFO:werkzeug: * Detected change in 'c:\\Users\\Georgii\\Desktop\\pr\\homework\\instahram\\project\\bookmarks\\utils.py', reloading
INFO:werkzeug: * Restarting with stat
WARNING:werkzeug: * Debugger is active!
INFO:werkzeug: * Debugger PIN: 331-110-069
INFO:werkzeug: * Detected change in 'c:\\Users\\Georgii\\Desktop\\pr\\homework\\instahram\\project\\bookmarks\\utils.py', reloading
INFO:werkzeug: * Restarting with stat
WARNING:werkzeug: * Debugger is active!
INFO:werkzeug: * Debugger PIN: 331-110-069
INFO:werkzeug: * Detected change in 'c:\\Users\\Georgii\\Desktop\\pr\\homework\\instahram\\project\\bookmarks\\utils.py', reloading
INFO:werkzeug: * Restarting with stat
WARNING:werkzeug: * Debugger is active!
INFO:werkzeug: * Debugger PIN: 331-110-069
INFO:werkzeug: * Detected change in 'c:\\Users\\Georgii\\Desktop\\pr\\homework\\instahram\\project\\bookmarks\\utils.py', reloading
INFO:werkzeug: * Restarting with stat
WARNING:werkzeug: * Debugger is active!
INFO:werkzeug: * Debugger PIN: 331-110-069
INFO:werkzeug: * Detected change in 'c:\\Users\\Georgii\\Desktop\\pr\\homework\\instahram\\project\\bookmarks\\utils.py', reloading
INFO:werkzeug: * Restarting with stat
WARNING:werkzeug: * Debugger is active!
INFO:werkzeug: * Debugger PIN: 331-110-069
INFO:werkzeug: * Detected change in 'c:\\Users\\Georgii\\Desktop\\pr\\homework\\instahram\\project\\bookmarks\\utils.py', reloading
INFO:werkzeug: * Restarting with stat
WARNING:werkzeug: * Debugger is active!
INFO:werkzeug: * Debugger PIN: 331-110-069
INFO:werkzeug: * Detected change in 'c:\\Users\\Georgii\\Desktop\\pr\\homework\\instahram\\project\\bookmarks\\utils.py', reloading
INFO:werkzeug: * Restarting with stat
WARNING:werkzeug: * Debugger is active!
INFO:werkzeug: * Debugger PIN: 331-110-069
INFO:werkzeug: * Detected change in 'c:\\Users\\Georgii\\Desktop\\pr\\homework\\instahram\\project\\bookmarks\\utils.py', reloading
INFO:werkzeug: * Restarting with stat
WARNING:werkzeug: * Debugger is active!
INFO:werkzeug: * Debugger PIN: 331-110-069
INFO:werkzeug: * Detected change in 'c:\\Users\\Georgii\\Desktop\\pr\\homework\\instahram\\project\\bookmarks\\utils.py', reloading
INFO:werkzeug: * Restarting with stat
WARNING:werkzeug: * Debugger is active!
INFO:werkzeug: * Debugger PIN: 331-110-069
INFO:werkzeug: * Detected change in 'c:\\Users\\Georgii\\Desktop\\pr\\homework\\instahram\\project\\bookmarks\\utils.py', reloading
INFO:werkzeug: * Restarting with stat
WARNING:werkzeug: * Debugger is active!
INFO:werkzeug: * Debugger PIN: 331-110-069
INFO:werkzeug: * Detected change in 'c:\\Users\\Georgii\\Desktop\\pr\\homework\\instahram\\project\\bookmarks\\utils.py', reloading
INFO:werkzeug: * Restarting with stat
WARNING:werkzeug: * Debugger is active!
INFO:werkzeug: * Debugger PIN: 331-110-069
INFO:werkzeug: * Detected change in 'c:\\Users\\Georgii\\Desktop\\pr\\homework\\instahram\\project\\bookmarks\\utils.py', reloading
INFO:werkzeug: * Restarting with stat
WARNING:werkzeug: * Debugger is active!
INFO:werkzeug: * Debugger PIN: 331-110-069
INFO:werkzeug: * Detected change in 'c:\\Users\\Georgii\\Desktop\\pr\\homework\\instahram\\project\\bookmarks\\utils.py', reloading
INFO:werkzeug: * Restarting with stat
WARNING:werkzeug: * Debugger is active!
INFO:werkzeug: * Debugger PIN: 331-110-069
INFO:werkzeug: * Detected change in 'c:\\Users\\Georgii\\Desktop\\pr\\homework\\instahram\\project\\bookmarks\\utils.py', reloading
INFO:werkzeug: * Restarting with stat
WARNING:werkzeug: * Debugger is active!
INFO:werkzeug: * Debugger PIN: 331-110-069
INFO:werkzeug: * Detected change in 'c:\\Users\\Georgii\\Desktop\\pr\\homework\\instahram\\project\\bookmarks\\utils.py', reloading
INFO:werkzeug: * Restarting with stat
WARNING:werkzeug: * Debugger is active!
INFO:werkzeug: * Debugger PIN: 331-110-069
INFO:werkzeug: * Detected change in 'c:\\Users\\Georgii\\Desktop\\pr\\homework\\instahram\\project\\bookmarks\\utils.py', reloading
INFO:werkzeug: * Restarting with stat
WARNING:werkzeug: * Debugger is active!
INFO:werkzeug: * Debugger PIN: 331-110-069
INFO:werkzeug: * Detected change in 'c:\\Users\\Georgii\\Desktop\\pr\\homework\\instahram\\project\\bookmarks\\utils.py', reloading
INFO:werkzeug: * Restarting with stat
WARNING:werkzeug: * Debugger is active!
INFO:werkzeug: * Debugger PIN: 331-110-069
INFO:werkzeug: * Detected change in 'c:\\Users\\Georgii\\Desktop\\pr\\homework\\instahram\\project\\bookmarks\\utils.py', reloading
INFO:werkzeug: * Restarting with stat
WARNING:werkzeug: * Debugger is active!
INFO:werkzeug: * Debugger PIN: 331-110-069
INFO:werkzeug: * Detected change in 'c:\\Users\\Georgii\\Desktop\\pr\\homework\\instahram\\project\\bookmarks\\utils.py', reloading
INFO:werkzeug: * Restarting with stat
WARNING:werkzeug: * Debugger is active!
INFO:werkzeug: * Debugger PIN: 331-110-069
INFO:werkzeug: * Detected change in 'c:\\Users\\Georgii\\Desktop\\pr\\homework\\instahram\\project\\bookmarks\\utils.py', reloading
INFO:werkzeug: * Restarting with stat
WARNING:werkzeug: * Debugger is active!
INFO:werkzeug: * Debugger PIN: 331-110-069
INFO:werkzeug: * Detected change in 'c:\\Users\\Georgii\\Desktop\\pr\\homework\\instahram\\project\\bookmarks\\utils.py', reloading
INFO:werkzeug: * Restarting with stat
WARNING:werkzeug: * Debugger is active!
INFO:werkzeug: * Debugger PIN: 331-110-069
INFO:werkzeug: * Detected change in 'c:\\Users\\Georgii\\Desktop\\pr\\homework\\instahram\\project\\bookmarks\\utils.py', reloading
INFO:werkzeug: * Restarting with stat
WARNING:werkzeug: * Debugger is active!
INFO:werkzeug: * Debugger PIN: 331-110-069
INFO:werkzeug: * Detected change in 'c:\\Users\\Georgii\\Desktop\\pr\\homework\\instahram\\project\\bookmarks\\utils.py', reloading
INFO:werkzeug: * Restarting with stat
WARNING:werkzeug: * Debugger is active!
INFO:werkzeug: * Debugger PIN: 331-110-069
INFO:werkzeug: * Detected change in 'c:\\Users\\Georgii\\Desktop\\pr\\homework\\instahram\\project\\bookmarks\\utils.py', reloading
INFO:werkzeug: * Restarting with stat
WARNING:werkzeug: * Debugger is active!
INFO:werkzeug: * Debugger PIN: 331-110-069
INFO:werkzeug: * Detected change in 'c:\\Users\\Georgii\\Desktop\\pr\\homework\\instahram\\project\\bookmarks\\utils.py', reloading
INFO:werkzeug: * Restarting with stat
WARNING:werkzeug: * Debugger is active!
INFO:werkzeug: * Debugger PIN: 331-110-069
INFO:werkzeug: * Detected change in 'c:\\Users\\Georgii\\Desktop\\pr\\homework\\instahram\\project\\bookmarks\\utils.py', reloading
INFO:werkzeug: * Restarting with stat
WARNING:werkzeug: * Debugger is active!
INFO:werkzeug: * Debugger PIN: 331-110-069
INFO:werkzeug: * Detected change in 'c:\\Users\\Georgii\\Desktop\\pr\\homework\\instahram\\project\\bookmarks\\utils.py', reloading
INFO:werkzeug: * Restarting with stat
WARNING:werkzeug: * Debugger is active!
INFO:werkzeug: * Debugger PIN: 331-110-069
INFO:werkzeug: * Detected change in 'c:\\Users\\Georgii\\Desktop\\pr\\homework\\instahram\\project\\bookmarks\\utils.py', reloading
INFO:werkzeug: * Restarting with stat
WARNING:werkzeug: * Debugger is active!
INFO:werkzeug: * Debugger PIN: 331-110-069
INFO:werkzeug: * Detected change in 'c:\\Users\\Georgii\\Desktop\\pr\\homework\\instahram\\project\\bookmarks\\utils.py', reloading
INFO:werkzeug: * Restarting with stat
WARNING:werkzeug: * Debugger is active!
INFO:werkzeug: * Debugger PIN: 331-110-069
INFO:werkzeug: * Detected change in 'c:\\Users\\Georgii\\Desktop\\pr\\homework\\instahram\\project\\bookmarks\\utils.py', reloading
INFO:werkzeug: * Restarting with stat
WARNING:werkzeug: * Debugger is active!
INFO:werkzeug: * Debugger PIN: 331-110-069
INFO:werkzeug: * Detected change in 'c:\\Users\\Georgii\\Desktop\\pr\\homework\\instahram\\project\\bookmarks\\utils.py', reloading
INFO:werkzeug: * Restarting with stat
WARNING:werkzeug: * Debugger is active!
INFO:werkzeug: * Debugger PIN: 331-110-069
INFO:werkzeug: * Detected change in 'c:\\Users\\Georgii\\Desktop\\pr\\homework\\instahram\\project\\bookmarks\\utils.py', reloading
INFO:werkzeug: * Restarting with stat
WARNING:werkzeug: * Debugger is active!
INFO:werkzeug: * Debugger PIN: 331-110-069
INFO:werkzeug: * Detected change in 'c:\\Users\\Georgii\\Desktop\\pr\\homework\\instahram\\project\\bookmarks\\utils.py', reloading
INFO:werkzeug: * Restarting with stat
WARNING:werkzeug: * Debugger is active!
INFO:werkzeug: * Debugger PIN: 331-110-069
INFO:werkzeug: * Detected change in 'c:\\Users\\Georgii\\Desktop\\pr\\homework\\instahram\\project\\bookmarks\\utils.py', reloading
INFO:werkzeug: * Restarting with stat
WARNING:werkzeug: * Debugger is active!
INFO:werkzeug: * Debugger PIN: 331-110-069
INFO:werkzeug: * Detected change in 'c:\\Users\\Georgii\\Desktop\\pr\\homework\\instahram\\project\\bookmarks\\utils.py', reloading
INFO:werkzeug: * Restarting with stat
WARNING:werkzeug: * Debugger is active!
INFO:werkzeug: * Debugger PIN: 331-110-069
INFO:werkzeug: * Detected change in 'c:\\Users\\Georgii\\Desktop\\pr\\homework\\instahram\\project\\bookmarks\\utils.py', reloading
INFO:werkzeug: * Restarting with stat
WARNING:werkzeug: * Debugger is active!
INFO:werkzeug: * Debugger PIN: 331-110-069
INFO:werkzeug: * Detected change in 'c:\\Users\\Georgii\\Desktop\\pr\\homework\\instahram\\project\\bookmarks\\utils.py', reloading
INFO:werkzeug: * Restarting with stat
WARNING:werkzeug: * Debugger is active!
INFO:werkzeug: * Debugger PIN: 331-110-069
INFO:werkzeug: * Detected change in 'c:\\Users\\Georgii\\Desktop\\pr\\homework\\instahram\\project\\bookmarks\\utils.py', reloading
INFO:werkzeug: * Restarting with stat
WARNING:werkzeug: * Debugger is active!
INFO:werkzeug: * Debugger PIN: 331-110-069
INFO:werkzeug: * Detected change in 'c:\\Users\\Georgii\\Desktop\\pr\\homework\\instahram\\project\\bookmarks\\utils.py', reloading
INFO:werkzeug: * Restarting with stat
WARNING:werkzeug: * Debugger is active!
INFO:werkzeug: * Debugger PIN: 331-110-069
INFO:werkzeug: * Detected change in 'c:\\Users\\Georgii\\Desktop\\pr\\homework\\instahram\\project\\bookmarks\\utils.py', reloading
INFO:werkzeug: * Restarting with stat
WARNING:werkzeug: * Debugger is active!
INFO:werkzeug: * Debugger PIN: 331-110-069
INFO:werkzeug: * Detected change in 'c:\\Users\\Georgii\\Desktop\\pr\\homework\\instahram\\project\\bookmarks\\utils.py', reloading
INFO:werkzeug: * Restarting with stat
WARNING:werkzeug: * Debugger is active!
INFO:werkzeug: * Debugger PIN: 331-110-069
INFO:werkzeug: * Detected change in 'c:\\Users\\Georgii\\Desktop\\pr\\homework\\instahram\\project\\bookmarks\\utils.py', reloading
INFO:werkzeug: * Restarting with stat
WARNING:werkzeug: * Debugger is active!
INFO:werkzeug: * Debugger PIN: 331-110-069
INFO:werkzeug: * Detected change in 'c:\\Users\\Georgii\\Desktop\\pr\\homework\\instahram\\project\\bookmarks\\utils.py', reloading
INFO:werkzeug: * Restarting with stat
WARNING:werkzeug: * Debugger is active!
INFO:werkzeug: * Debugger PIN: 331-110-069
INFO:werkzeug: * Detected change in 'c:\\Users\\Georgii\\Desktop\\pr\\homework\\instahram\\project\\bookmarks\\utils.py', reloading
INFO:werkzeug: * Restarting with stat
WARNING:werkzeug: * Debugger is active!
INFO:werkzeug: * Debugger PIN: 331-110-069
INFO:werkzeug: * Detected change in 'c:\\Users\\Georgii\\Desktop\\pr\\homework\\instahram\\project\\bookmarks\\utils.py', reloading
INFO:werkzeug: * Restarting with stat
WARNING:werkzeug: * Debugger is active!
INFO:werkzeug: * Debugger PIN: 331-110-069
INFO:werkzeug: * Detected change in 'c:\\Users\\Georgii\\Desktop\\pr\\homework\\instahram\\project\\bookmarks\\utils.py', reloading
INFO:werkzeug: * Restarting with stat
WARNING:werkzeug: * Debugger is active!
INFO:werkzeug: * Debugger PIN: 331-110-069
INFO:werkzeug: * Detected change in 'c:\\Users\\Georgii\\Desktop\\pr\\homework\\instahram\\project\\bookmarks\\utils.py', reloading
INFO:werkzeug: * Restarting with stat
WARNING:werkzeug: * Debugger is active!
INFO:werkzeug: * Debugger PIN: 331-110-069
INFO:werkzeug: * Detected change in 'c:\\Users\\Georgii\\Desktop\\pr\\homework\\instahram\\project\\bookmarks\\utils.py', reloading
INFO:werkzeug: * Restarting with stat
WARNING:werkzeug: * Debugger is active!
INFO:werkzeug: * Debugger PIN: 331-110-069
INFO:werkzeug: * Detected change in 'c:\\Users\\Georgii\\Desktop\\pr\\homework\\instahram\\project\\bookmarks\\utils.py', reloading
INFO:werkzeug: * Restarting with stat
WARNING:werkzeug: * Debugger is active!
INFO:werkzeug: * Debugger PIN: 331-110-069
INFO:werkzeug: * Detected change in 'c:\\Users\\Georgii\\Desktop\\pr\\homework\\instahram\\project\\bookmarks\\utils.py', reloading
INFO:werkzeug: * Restarting with stat
WARNING:werkzeug: * Debugger is active!
INFO:werkzeug: * Debugger PIN: 331-110-069
INFO:werkzeug: * Detected change in 'c:\\Users\\Georgii\\Desktop\\pr\\homework\\instahram\\project\\bookmarks\\utils.py', reloading
INFO:werkzeug: * Restarting with stat
WARNING:werkzeug: * Debugger is active!
INFO:werkzeug: * Debugger PIN: 331-110-069
INFO:werkzeug: * Detected change in 'c:\\Users\\Georgii\\Desktop\\pr\\homework\\instahram\\project\\bookmarks\\utils.py', reloading
INFO:werkzeug: * Restarting with stat
WARNING:werkzeug: * Debugger is active!
INFO:werkzeug: * Debugger PIN: 331-110-069
INFO:werkzeug: * Detected change in 'c:\\Users\\Georgii\\Desktop\\pr\\homework\\instahram\\project\\bookmarks\\utils.py', reloading
INFO:werkzeug: * Restarting with stat
WARNING:werkzeug: * Debugger is active!
INFO:werkzeug: * Debugger PIN: 331-110-069
INFO:werkzeug: * Detected change in 'c:\\Users\\Georgii\\Desktop\\pr\\homework\\instahram\\project\\bookmarks\\utils.py', reloading
INFO:werkzeug: * Restarting with stat
WARNING:werkzeug: * Debugger is active!
INFO:werkzeug: * Debugger PIN: 331-110-069
INFO:werkzeug: * Detected change in 'c:\\Users\\Georgii\\Desktop\\pr\\homework\\instahram\\project\\bookmarks\\utils.py', reloading
INFO:werkzeug: * Restarting with stat
WARNING:werkzeug: * Debugger is active!
INFO:werkzeug: * Debugger PIN: 331-110-069
INFO:werkzeug: * Detected change in 'c:\\Users\\Georgii\\Desktop\\pr\\homework\\instahram\\project\\bookmarks\\utils.py', reloading
INFO:werkzeug: * Restarting with stat
WARNING:werkzeug: * Debugger is active!
INFO:werkzeug: * Debugger PIN: 331-110-069
INFO:werkzeug: * Detected change in 'c:\\Users\\Georgii\\Desktop\\pr\\homework\\instahram\\project\\bookmarks\\utils.py', reloading
INFO:werkzeug: * Restarting with stat
WARNING:werkzeug: * Debugger is active!
INFO:werkzeug: * Debugger PIN: 331-110-069
INFO:werkzeug: * Detected change in 'c:\\Users\\Georgii\\Desktop\\pr\\homework\\instahram\\project\\bookmarks\\utils.py', reloading
INFO:werkzeug: * Restarting with stat
WARNING:werkzeug: * Debugger is active!
INFO:werkzeug: * Debugger PIN: 331-110-069
INFO:werkzeug: * Detected change in 'c:\\Users\\Georgii\\Desktop\\pr\\homework\\instahram\\project\\bookmarks\\utils.py', reloading
INFO:werkzeug: * Restarting with stat
WARNING:werkzeug: * Debugger is active!
INFO:werkzeug: * Debugger PIN: 331-110-069
INFO:werkzeug: * Detected change in 'c:\\Users\\Georgii\\Desktop\\pr\\homework\\instahram\\project\\bookmarks\\utils.py', reloading
INFO:werkzeug: * Restarting with stat
WARNING:werkzeug: * Debugger is active!
INFO:werkzeug: * Debugger PIN: 331-110-069
INFO:werkzeug: * Detected change in 'c:\\Users\\Georgii\\Desktop\\pr\\homework\\instahram\\project\\bookmarks\\utils.py', reloading
INFO:werkzeug: * Restarting with stat
WARNING:werkzeug: * Debugger is active!
INFO:werkzeug: * Debugger PIN: 331-110-069
INFO:werkzeug: * Detected change in 'c:\\Users\\Georgii\\Desktop\\pr\\homework\\instahram\\project\\bookmarks\\utils.py', reloading
INFO:werkzeug: * Restarting with stat
WARNING:werkzeug: * Debugger is active!
INFO:werkzeug: * Debugger PIN: 331-110-069
INFO:werkzeug: * Detected change in 'c:\\Users\\Georgii\\Desktop\\pr\\homework\\instahram\\project\\bookmarks\\utils.py', reloading
INFO:werkzeug: * Restarting with stat
WARNING:werkzeug: * Debugger is active!
INFO:werkzeug: * Debugger PIN: 331-110-069
INFO:werkzeug: * Detected change in 'c:\\Users\\Georgii\\Desktop\\pr\\homework\\instahram\\project\\bookmarks\\utils.py', reloading
INFO:werkzeug: * Restarting with stat
WARNING:werkzeug: * Debugger is active!
INFO:werkzeug: * Debugger PIN: 331-110-069
INFO:werkzeug: * Detected change in 'c:\\Users\\Georgii\\Desktop\\pr\\homework\\instahram\\project\\bookmarks\\utils.py', reloading
INFO:werkzeug: * Restarting with stat
WARNING:werkzeug: * Debugger is active!
INFO:werkzeug: * Debugger PIN: 331-110-069
INFO:werkzeug: * Detected change in 'c:\\Users\\Georgii\\Desktop\\pr\\homework\\instahram\\project\\bookmarks\\utils.py', reloading
INFO:werkzeug: * Restarting with stat
WARNING:werkzeug: * Debugger is active!
INFO:werkzeug: * Debugger PIN: 331-110-069
INFO:werkzeug: * Detected change in 'c:\\Users\\Georgii\\Desktop\\pr\\homework\\instahram\\project\\bookmarks\\utils.py', reloading
INFO:werkzeug: * Restarting with stat
WARNING:werkzeug: * Debugger is active!
INFO:werkzeug: * Debugger PIN: 331-110-069
INFO:werkzeug: * Detected change in 'c:\\Users\\Georgii\\Desktop\\pr\\homework\\instahram\\project\\bookmarks\\utils.py', reloading
INFO:werkzeug: * Restarting with stat
WARNING:werkzeug: * Debugger is active!
INFO:werkzeug: * Debugger PIN: 331-110-069
INFO:werkzeug: * Detected change in 'c:\\Users\\Georgii\\Desktop\\pr\\homework\\instahram\\project\\bookmarks\\utils.py', reloading
INFO:werkzeug: * Restarting with stat
WARNING:werkzeug: * Debugger is active!
INFO:werkzeug: * Debugger PIN: 331-110-069
INFO:werkzeug: * Detected change in 'c:\\Users\\Georgii\\Desktop\\pr\\homework\\instahram\\project\\bookmarks\\utils.py', reloading
INFO:werkzeug: * Restarting with stat
WARNING:werkzeug: * Debugger is active!
INFO:werkzeug: * Debugger PIN: 331-110-069
INFO:werkzeug: * Detected change in 'c:\\Users\\Georgii\\Desktop\\pr\\homework\\instahram\\project\\bookmarks\\utils.py', reloading
INFO:werkzeug: * Restarting with stat
WARNING:werkzeug: * Debugger is active!
INFO:werkzeug: * Debugger PIN: 331-110-069
INFO:werkzeug: * Detected change in 'c:\\Users\\Georgii\\Desktop\\pr\\homework\\instahram\\project\\bookmarks\\utils.py', reloading
INFO:werkzeug: * Restarting with stat
WARNING:werkzeug: * Debugger is active!
INFO:werkzeug: * Debugger PIN: 331-110-069
INFO:werkzeug: * Detected change in 'c:\\Users\\Georgii\\Desktop\\pr\\homework\\instahram\\project\\bookmarks\\utils.py', reloading
INFO:werkzeug: * Restarting with stat
WARNING:werkzeug: * Debugger is active!
INFO:werkzeug: * Debugger PIN: 331-110-069
INFO:werkzeug: * Detected change in 'c:\\Users\\Georgii\\Desktop\\pr\\homework\\instahram\\project\\bookmarks\\views.py', reloading
INFO:werkzeug: * Restarting with stat
WARNING:werkzeug: * Debugger is active!
INFO:werkzeug: * Debugger PIN: 331-110-069
INFO:werkzeug: * Detected change in 'c:\\Users\\Georgii\\Desktop\\pr\\homework\\instahram\\project\\bookmarks\\views.py', reloading
INFO:werkzeug: * Restarting with stat
WARNING:werkzeug: * Debugger is active!
INFO:werkzeug: * Debugger PIN: 331-110-069
INFO:werkzeug: * Detected change in 'c:\\Users\\Georgii\\Desktop\\pr\\homework\\instahram\\project\\bookmarks\\views.py', reloading
INFO:werkzeug: * Restarting with stat
WARNING:werkzeug: * Debugger is active!
INFO:werkzeug: * Debugger PIN: 331-110-069
INFO:werkzeug: * Detected change in 'c:\\Users\\Georgii\\Desktop\\pr\\homework\\instahram\\project\\bookmarks\\views.py', reloading
INFO:werkzeug: * Restarting with stat
WARNING:werkzeug: * Debugger is active!
INFO:werkzeug: * Debugger PIN: 331-110-069
INFO:werkzeug: * Detected change in 'c:\\Users\\Georgii\\Desktop\\pr\\homework\\instahram\\project\\bookmarks\\views.py', reloading
INFO:werkzeug: * Restarting with stat
WARNING:werkzeug: * Debugger is active!
INFO:werkzeug: * Debugger PIN: 331-110-069
INFO:werkzeug: * Detected change in 'c:\\Users\\Georgii\\Desktop\\pr\\homework\\instahram\\project\\bookmarks\\views.py', reloading
INFO:werkzeug: * Restarting with stat
WARNING:werkzeug: * Debugger is active!
INFO:werkzeug: * Debugger PIN: 331-110-069
INFO:werkzeug: * Detected change in 'c:\\Users\\Georgii\\Desktop\\pr\\homework\\instahram\\project\\bookmarks\\views.py', reloading
INFO:werkzeug: * Restarting with stat
WARNING:werkzeug: * Debugger is active!
INFO:werkzeug: * Debugger PIN: 331-110-069
INFO:werkzeug: * Detected change in 'c:\\Users\\Georgii\\Desktop\\pr\\homework\\instahram\\project\\bookmarks\\views.py', reloading
INFO:werkzeug: * Restarting with stat
WARNING:werkzeug: * Debugger is active!
INFO:werkzeug: * Debugger PIN: 331-110-069
INFO:werkzeug: * Detected change in 'c:\\Users\\Georgii\\Desktop\\pr\\homework\\instahram\\project\\bookmarks\\views.py', reloading
INFO:werkzeug: * Restarting with stat
WARNING:werkzeug: * Debugger is active!
INFO:werkzeug: * Debugger PIN: 331-110-069
INFO:werkzeug:127.0.0.1 - - [04/Sep/2022 21:29:30] "[36mGET /static/css/styles.min.css HTTP/1.1[0m" 304 -
INFO:werkzeug:127.0.0.1 - - [04/Sep/2022 21:29:30] "[36mGET /static/img/bookmark.png HTTP/1.1[0m" 304 -
INFO:werkzeug:127.0.0.1 - - [04/Sep/2022 21:29:30] "[36mGET /static/img/eye.png HTTP/1.1[0m" 304 -
INFO:werkzeug:[31m[1mWARNING: This is a development server. Do not use it in a production deployment. Use a production WSGI server instead.[0m
 * Running on http://127.0.0.1:5000
INFO:werkzeug:[33mPress CTRL+C to quit[0m
INFO:werkzeug: * Restarting with stat
WARNING:werkzeug: * Debugger is active!
INFO:werkzeug: * Debugger PIN: 331-110-069
INFO:werkzeug:127.0.0.1 - - [04/Sep/2022 21:38:28] "GET /posts/5 HTTP/1.1" 200 -
INFO:werkzeug:127.0.0.1 - - [04/Sep/2022 21:38:28] "[36mGET /static/css/styles.min.css HTTP/1.1[0m" 304 -
INFO:werkzeug:127.0.0.1 - - [04/Sep/2022 21:38:28] "[36mGET /static/img/bookmark.png HTTP/1.1[0m" 304 -
INFO:werkzeug:127.0.0.1 - - [04/Sep/2022 21:38:28] "[36mGET /static/img/eye.png HTTP/1.1[0m" 304 -
INFO:werkzeug:127.0.0.1 - - [04/Sep/2022 21:38:37] "[33mGET /bookmarks/ HTTP/1.1[0m" 404 -
INFO:werkzeug: * Detected change in 'c:\\Users\\Georgii\\Desktop\\pr\\homework\\instahram\\app.py', reloading
INFO:werkzeug: * Restarting with stat
INFO:werkzeug:[31m[1mWARNING: This is a development server. Do not use it in a production deployment. Use a production WSGI server instead.[0m
 * Running on http://127.0.0.1:5000
INFO:werkzeug:[33mPress CTRL+C to quit[0m
INFO:werkzeug: * Restarting with stat
WARNING:werkzeug: * Debugger is active!
INFO:werkzeug: * Debugger PIN: 331-110-069
INFO:werkzeug:127.0.0.1 - - [04/Sep/2022 21:39:48] "[35m[1mGET /bookmarks/ HTTP/1.1[0m" 500 -
INFO:werkzeug:127.0.0.1 - - [04/Sep/2022 21:39:48] "GET /bookmarks/?__debugger__=yes&cmd=resource&f=style.css HTTP/1.1" 200 -
INFO:werkzeug:127.0.0.1 - - [04/Sep/2022 21:39:48] "GET /bookmarks/?__debugger__=yes&cmd=resource&f=debugger.js HTTP/1.1" 200 -
INFO:werkzeug:127.0.0.1 - - [04/Sep/2022 21:39:48] "GET /bookmarks/?__debugger__=yes&cmd=resource&f=console.png HTTP/1.1" 200 -
INFO:werkzeug:127.0.0.1 - - [04/Sep/2022 21:39:48] "[36mGET /bookmarks/?__debugger__=yes&cmd=resource&f=console.png HTTP/1.1[0m" 304 -
INFO:werkzeug:[31m[1mWARNING: This is a development server. Do not use it in a production deployment. Use a production WSGI server instead.[0m
 * Running on http://127.0.0.1:5000
INFO:werkzeug:[33mPress CTRL+C to quit[0m
INFO:werkzeug: * Restarting with stat
WARNING:werkzeug: * Debugger is active!
INFO:werkzeug: * Debugger PIN: 331-110-069
INFO:werkzeug:127.0.0.1 - - [04/Sep/2022 21:44:58] "GET /bookmarks/ HTTP/1.1" 200 -
INFO:werkzeug:127.0.0.1 - - [04/Sep/2022 21:44:59] "[33mGET /bookmarks/css/styles.min.css HTTP/1.1[0m" 404 -
INFO:werkzeug:127.0.0.1 - - [04/Sep/2022 21:44:59] "[33mGET /bookmarks/img/ava1.png HTTP/1.1[0m" 404 -
INFO:werkzeug:127.0.0.1 - - [04/Sep/2022 21:44:59] "[33mGET /bookmarks/img/post5.jpg HTTP/1.1[0m" 404 -
INFO:werkzeug:127.0.0.1 - - [04/Sep/2022 21:44:59] "[33mGET /bookmarks/img/eye.png HTTP/1.1[0m" 404 -
INFO:werkzeug:127.0.0.1 - - [04/Sep/2022 21:44:59] "[33mGET /bookmarks/img/bookmark.png HTTP/1.1[0m" 404 -
INFO:werkzeug:127.0.0.1 - - [04/Sep/2022 21:44:59] "[33mGET /bookmarks/img/ava2.png HTTP/1.1[0m" 404 -
INFO:werkzeug:127.0.0.1 - - [04/Sep/2022 21:44:59] "[33mGET /bookmarks/img/post6.jpg HTTP/1.1[0m" 404 -
INFO:werkzeug:127.0.0.1 - - [04/Sep/2022 21:44:59] "[33mGET /bookmarks/img/post7.jpg HTTP/1.1[0m" 404 -
INFO:werkzeug:[31m[1mWARNING: This is a development server. Do not use it in a production deployment. Use a production WSGI server instead.[0m
 * Running on http://127.0.0.1:5000
INFO:werkzeug:[33mPress CTRL+C to quit[0m
INFO:werkzeug: * Restarting with stat
WARNING:werkzeug: * Debugger is active!
INFO:werkzeug: * Debugger PIN: 331-110-069
INFO:werkzeug:127.0.0.1 - - [04/Sep/2022 21:53:47] "GET /bookmarks/ HTTP/1.1" 200 -
INFO:werkzeug:127.0.0.1 - - [04/Sep/2022 21:53:47] "[36mGET /static/css/styles.min.css HTTP/1.1[0m" 304 -
INFO:werkzeug:127.0.0.1 - - [04/Sep/2022 21:53:49] "GET /bookmarks/ HTTP/1.1" 200 -
INFO:werkzeug:127.0.0.1 - - [04/Sep/2022 21:53:49] "[36mGET /static/css/styles.min.css HTTP/1.1[0m" 304 -
INFO:werkzeug:127.0.0.1 - - [04/Sep/2022 21:53:52] "GET / HTTP/1.1" 200 -
INFO:werkzeug:127.0.0.1 - - [04/Sep/2022 21:53:52] "[36mGET /static/css/styles.min.css HTTP/1.1[0m" 304 -
INFO:werkzeug:127.0.0.1 - - [04/Sep/2022 21:53:52] "[36mGET /static/img/bookmark.png HTTP/1.1[0m" 304 -
INFO:werkzeug:127.0.0.1 - - [04/Sep/2022 21:53:52] "[36mGET /static/img/eye.png HTTP/1.1[0m" 304 -
INFO:werkzeug:127.0.0.1 - - [04/Sep/2022 21:54:22] "[32mGET /bookmarks/add/1 HTTP/1.1[0m" 302 -
INFO:werkzeug:127.0.0.1 - - [04/Sep/2022 21:54:22] "GET / HTTP/1.1" 200 -
INFO:werkzeug:127.0.0.1 - - [04/Sep/2022 21:54:23] "[36mGET /static/css/styles.min.css HTTP/1.1[0m" 304 -
INFO:werkzeug:127.0.0.1 - - [04/Sep/2022 21:54:23] "[36mGET /static/img/bookmark.png HTTP/1.1[0m" 304 -
INFO:werkzeug:127.0.0.1 - - [04/Sep/2022 21:54:23] "[36mGET /static/img/eye.png HTTP/1.1[0m" 304 -
INFO:werkzeug:[31m[1mWARNING: This is a development server. Do not use it in a production deployment. Use a production WSGI server instead.[0m
 * Running on http://127.0.0.1:5000
INFO:werkzeug:[33mPress CTRL+C to quit[0m
INFO:werkzeug: * Restarting with stat
WARNING:werkzeug: * Debugger is active!
INFO:werkzeug: * Debugger PIN: 331-110-069
INFO:werkzeug:127.0.0.1 - - [04/Sep/2022 21:55:00] "GET / HTTP/1.1" 200 -
INFO:werkzeug:127.0.0.1 - - [04/Sep/2022 21:55:00] "[36mGET /static/css/styles.min.css HTTP/1.1[0m" 304 -
INFO:werkzeug:127.0.0.1 - - [04/Sep/2022 21:55:00] "[36mGET /static/img/eye.png HTTP/1.1[0m" 304 -
INFO:werkzeug:127.0.0.1 - - [04/Sep/2022 21:55:00] "[36mGET /static/img/bookmark.png HTTP/1.1[0m" 304 -
INFO:werkzeug:127.0.0.1 - - [04/Sep/2022 21:55:04] "GET / HTTP/1.1" 200 -
INFO:werkzeug:127.0.0.1 - - [04/Sep/2022 21:55:04] "[36mGET /static/css/styles.min.css HTTP/1.1[0m" 304 -
INFO:werkzeug:127.0.0.1 - - [04/Sep/2022 21:55:04] "[36mGET /static/img/bookmark.png HTTP/1.1[0m" 304 -
INFO:werkzeug:127.0.0.1 - - [04/Sep/2022 21:55:04] "[36mGET /static/img/eye.png HTTP/1.1[0m" 304 -
INFO:werkzeug:127.0.0.1 - - [04/Sep/2022 21:55:05] "GET / HTTP/1.1" 200 -
INFO:werkzeug:127.0.0.1 - - [04/Sep/2022 21:55:05] "[36mGET /static/css/styles.min.css HTTP/1.1[0m" 304 -
INFO:werkzeug:127.0.0.1 - - [04/Sep/2022 21:55:05] "[36mGET /static/img/bookmark.png HTTP/1.1[0m" 304 -
INFO:werkzeug:127.0.0.1 - - [04/Sep/2022 21:55:05] "[36mGET /static/img/eye.png HTTP/1.1[0m" 304 -
INFO:werkzeug:127.0.0.1 - - [04/Sep/2022 21:55:20] "GET /bookmarks/ HTTP/1.1" 200 -
INFO:werkzeug:127.0.0.1 - - [04/Sep/2022 21:55:20] "[33mGET /bookmarks/img/eye.png HTTP/1.1[0m" 404 -
INFO:werkzeug:127.0.0.1 - - [04/Sep/2022 21:55:20] "[36mGET /static/css/styles.min.css HTTP/1.1[0m" 304 -
INFO:werkzeug:127.0.0.1 - - [04/Sep/2022 21:55:20] "[36mGET /static/img/bookmark.png HTTP/1.1[0m" 304 -
INFO:werkzeug:127.0.0.1 - - [04/Sep/2022 21:55:34] "[33mGET /post.html HTTP/1.1[0m" 404 -
INFO:werkzeug:127.0.0.1 - - [04/Sep/2022 21:56:03] "[35m[1mGET /bookmarks/remove/1 HTTP/1.1[0m" 500 -
INFO:werkzeug:127.0.0.1 - - [04/Sep/2022 21:56:04] "GET /bookmarks/remove/1?__debugger__=yes&cmd=resource&f=style.css HTTP/1.1" 200 -
INFO:werkzeug:127.0.0.1 - - [04/Sep/2022 21:56:04] "GET /bookmarks/remove/1?__debugger__=yes&cmd=resource&f=debugger.js HTTP/1.1" 200 -
INFO:werkzeug:127.0.0.1 - - [04/Sep/2022 21:56:04] "GET /bookmarks/remove/1?__debugger__=yes&cmd=resource&f=console.png HTTP/1.1" 200 -
INFO:werkzeug:127.0.0.1 - - [04/Sep/2022 21:56:04] "[36mGET /bookmarks/remove/1?__debugger__=yes&cmd=resource&f=console.png HTTP/1.1[0m" 304 -
INFO:werkzeug: * Detected change in 'c:\\Users\\Georgii\\Desktop\\pr\\homework\\instahram\\project\\bookmarks\\utils.py', reloading
INFO:werkzeug: * Restarting with stat
WARNING:werkzeug: * Debugger is active!
INFO:werkzeug: * Debugger PIN: 331-110-069
INFO:werkzeug: * Detected change in 'c:\\Users\\Georgii\\Desktop\\pr\\homework\\instahram\\project\\bookmarks\\utils.py', reloading
INFO:werkzeug: * Restarting with stat
WARNING:werkzeug: * Debugger is active!
INFO:werkzeug: * Debugger PIN: 331-110-069
INFO:werkzeug:[31m[1mWARNING: This is a development server. Do not use it in a production deployment. Use a production WSGI server instead.[0m
 * Running on http://127.0.0.1:5000
INFO:werkzeug:[33mPress CTRL+C to quit[0m
INFO:werkzeug: * Restarting with stat
WARNING:werkzeug: * Debugger is active!
INFO:werkzeug: * Debugger PIN: 331-110-069
INFO:werkzeug:127.0.0.1 - - [04/Sep/2022 21:56:34] "[35m[1mGET /bookmarks/remove/1 HTTP/1.1[0m" 500 -
INFO:werkzeug:127.0.0.1 - - [04/Sep/2022 21:56:34] "[36mGET /bookmarks/remove/1?__debugger__=yes&cmd=resource&f=style.css HTTP/1.1[0m" 304 -
INFO:werkzeug:127.0.0.1 - - [04/Sep/2022 21:56:34] "[36mGET /bookmarks/remove/1?__debugger__=yes&cmd=resource&f=debugger.js HTTP/1.1[0m" 304 -
INFO:werkzeug:127.0.0.1 - - [04/Sep/2022 21:56:35] "[36mGET /bookmarks/remove/1?__debugger__=yes&cmd=resource&f=console.png HTTP/1.1[0m" 304 -
INFO:werkzeug:127.0.0.1 - - [04/Sep/2022 21:56:35] "[36mGET /bookmarks/remove/1?__debugger__=yes&cmd=resource&f=console.png HTTP/1.1[0m" 304 -
INFO:werkzeug: * Detected change in 'c:\\Users\\Georgii\\Desktop\\pr\\homework\\instahram\\project\\bookmarks\\utils.py', reloading
INFO:werkzeug: * Restarting with stat
WARNING:werkzeug: * Debugger is active!
INFO:werkzeug: * Debugger PIN: 331-110-069
INFO:werkzeug: * Detected change in 'c:\\Users\\Georgii\\Desktop\\pr\\homework\\instahram\\project\\bookmarks\\utils.py', reloading
INFO:werkzeug: * Restarting with stat
WARNING:werkzeug: * Debugger is active!
INFO:werkzeug: * Debugger PIN: 331-110-069
INFO:werkzeug:[31m[1mWARNING: This is a development server. Do not use it in a production deployment. Use a production WSGI server instead.[0m
 * Running on http://127.0.0.1:5000
INFO:werkzeug:[33mPress CTRL+C to quit[0m
INFO:werkzeug: * Restarting with stat
WARNING:werkzeug: * Debugger is active!
INFO:werkzeug: * Debugger PIN: 331-110-069
INFO:werkzeug:127.0.0.1 - - [04/Sep/2022 21:57:09] "[35m[1mGET /bookmarks/remove/1 HTTP/1.1[0m" 500 -
INFO:werkzeug:127.0.0.1 - - [04/Sep/2022 21:57:09] "[36mGET /bookmarks/remove/1?__debugger__=yes&cmd=resource&f=debugger.js HTTP/1.1[0m" 304 -
INFO:werkzeug:127.0.0.1 - - [04/Sep/2022 21:57:09] "[36mGET /bookmarks/remove/1?__debugger__=yes&cmd=resource&f=style.css HTTP/1.1[0m" 304 -
INFO:werkzeug:127.0.0.1 - - [04/Sep/2022 21:57:09] "[36mGET /bookmarks/remove/1?__debugger__=yes&cmd=resource&f=console.png HTTP/1.1[0m" 304 -
INFO:werkzeug:127.0.0.1 - - [04/Sep/2022 21:57:09] "[36mGET /bookmarks/remove/1?__debugger__=yes&cmd=resource&f=console.png HTTP/1.1[0m" 304 -
INFO:werkzeug: * Detected change in 'c:\\Users\\Georgii\\Desktop\\pr\\homework\\instahram\\project\\bookmarks\\utils.py', reloading
INFO:werkzeug: * Restarting with stat
WARNING:werkzeug: * Debugger is active!
INFO:werkzeug: * Debugger PIN: 331-110-069
INFO:werkzeug:[31m[1mWARNING: This is a development server. Do not use it in a production deployment. Use a production WSGI server instead.[0m
 * Running on http://127.0.0.1:5000
INFO:werkzeug:[33mPress CTRL+C to quit[0m
INFO:werkzeug: * Restarting with stat
WARNING:werkzeug: * Debugger is active!
INFO:werkzeug: * Debugger PIN: 331-110-069
INFO:werkzeug:127.0.0.1 - - [04/Sep/2022 21:57:25] "[32mGET /bookmarks/remove/1 HTTP/1.1[0m" 302 -
INFO:werkzeug:127.0.0.1 - - [04/Sep/2022 21:57:25] "GET / HTTP/1.1" 200 -
INFO:werkzeug:127.0.0.1 - - [04/Sep/2022 21:57:26] "[36mGET /static/img/bookmark.png HTTP/1.1[0m" 304 -
INFO:werkzeug:127.0.0.1 - - [04/Sep/2022 21:57:26] "[36mGET /static/css/styles.min.css HTTP/1.1[0m" 304 -
INFO:werkzeug:127.0.0.1 - - [04/Sep/2022 21:57:26] "[36mGET /static/img/eye.png HTTP/1.1[0m" 304 -
INFO:werkzeug:127.0.0.1 - - [04/Sep/2022 21:57:40] "GET /bookmarks/ HTTP/1.1" 200 -
INFO:werkzeug:127.0.0.1 - - [04/Sep/2022 21:57:40] "[36mGET /static/css/styles.min.css HTTP/1.1[0m" 304 -
INFO:werkzeug:127.0.0.1 - - [04/Sep/2022 21:57:42] "GET / HTTP/1.1" 200 -
INFO:werkzeug:127.0.0.1 - - [04/Sep/2022 21:57:43] "[36mGET /static/css/styles.min.css HTTP/1.1[0m" 304 -
INFO:werkzeug:127.0.0.1 - - [04/Sep/2022 21:57:43] "[36mGET /static/img/bookmark.png HTTP/1.1[0m" 304 -
INFO:werkzeug:127.0.0.1 - - [04/Sep/2022 21:57:43] "[36mGET /static/img/eye.png HTTP/1.1[0m" 304 -
INFO:werkzeug:127.0.0.1 - - [04/Sep/2022 21:58:06] "[32mGET /bookmarks/add/1 HTTP/1.1[0m" 302 -
INFO:werkzeug:127.0.0.1 - - [04/Sep/2022 21:58:06] "GET / HTTP/1.1" 200 -
INFO:werkzeug:127.0.0.1 - - [04/Sep/2022 21:58:06] "[36mGET /static/css/styles.min.css HTTP/1.1[0m" 304 -
INFO:werkzeug:127.0.0.1 - - [04/Sep/2022 21:58:06] "[36mGET /static/img/bookmark.png HTTP/1.1[0m" 304 -
INFO:werkzeug:127.0.0.1 - - [04/Sep/2022 21:58:06] "[36mGET /static/img/eye.png HTTP/1.1[0m" 304 -
INFO:werkzeug:127.0.0.1 - - [04/Sep/2022 21:58:20] "[32mGET /bookmarks/add/2 HTTP/1.1[0m" 302 -
INFO:werkzeug:127.0.0.1 - - [04/Sep/2022 21:58:20] "GET / HTTP/1.1" 200 -
INFO:werkzeug:127.0.0.1 - - [04/Sep/2022 21:58:20] "[36mGET /static/css/styles.min.css HTTP/1.1[0m" 304 -
INFO:werkzeug:127.0.0.1 - - [04/Sep/2022 21:58:20] "[36mGET /static/img/bookmark.png HTTP/1.1[0m" 304 -
INFO:werkzeug:127.0.0.1 - - [04/Sep/2022 21:58:20] "[36mGET /static/img/eye.png HTTP/1.1[0m" 304 -
INFO:werkzeug:127.0.0.1 - - [04/Sep/2022 21:58:23] "[32mGET /bookmarks/add/1 HTTP/1.1[0m" 302 -
INFO:werkzeug:127.0.0.1 - - [04/Sep/2022 21:58:23] "GET / HTTP/1.1" 200 -
INFO:werkzeug:127.0.0.1 - - [04/Sep/2022 21:58:23] "[36mGET /static/css/styles.min.css HTTP/1.1[0m" 304 -
INFO:werkzeug:127.0.0.1 - - [04/Sep/2022 21:58:23] "[36mGET /static/img/bookmark.png HTTP/1.1[0m" 304 -
INFO:werkzeug:127.0.0.1 - - [04/Sep/2022 21:58:23] "[36mGET /static/img/eye.png HTTP/1.1[0m" 304 -
INFO:werkzeug:127.0.0.1 - - [04/Sep/2022 21:58:26] "GET /bookmarks/ HTTP/1.1" 200 -
INFO:werkzeug:127.0.0.1 - - [04/Sep/2022 21:58:26] "[33mGET /bookmarks/img/eye.png HTTP/1.1[0m" 404 -
INFO:werkzeug:127.0.0.1 - - [04/Sep/2022 21:58:26] "[36mGET /static/css/styles.min.css HTTP/1.1[0m" 304 -
INFO:werkzeug:127.0.0.1 - - [04/Sep/2022 21:58:26] "[36mGET /static/img/bookmark.png HTTP/1.1[0m" 304 -
INFO:werkzeug:127.0.0.1 - - [04/Sep/2022 21:58:33] "[32mGET /bookmarks/remove/1 HTTP/1.1[0m" 302 -
INFO:werkzeug:127.0.0.1 - - [04/Sep/2022 21:58:33] "GET / HTTP/1.1" 200 -
INFO:werkzeug:127.0.0.1 - - [04/Sep/2022 21:58:33] "[36mGET /static/css/styles.min.css HTTP/1.1[0m" 304 -
INFO:werkzeug:127.0.0.1 - - [04/Sep/2022 21:58:33] "[36mGET /static/img/bookmark.png HTTP/1.1[0m" 304 -
INFO:werkzeug:127.0.0.1 - - [04/Sep/2022 21:58:33] "[36mGET /static/img/eye.png HTTP/1.1[0m" 304 -
INFO:werkzeug:127.0.0.1 - - [04/Sep/2022 21:58:41] "GET /bookmarks/ HTTP/1.1" 200 -
INFO:werkzeug:127.0.0.1 - - [04/Sep/2022 21:58:41] "[33mGET /bookmarks/img/eye.png HTTP/1.1[0m" 404 -
INFO:werkzeug:127.0.0.1 - - [04/Sep/2022 21:58:41] "[36mGET /static/css/styles.min.css HTTP/1.1[0m" 304 -
INFO:werkzeug:127.0.0.1 - - [04/Sep/2022 21:58:41] "[36mGET /static/img/bookmark.png HTTP/1.1[0m" 304 -
INFO:werkzeug: * Detected change in 'c:\\Users\\Georgii\\Desktop\\pr\\homework\\instahram\\project\\bookmarks\\utils.py', reloading
INFO:werkzeug: * Restarting with stat
INFO:werkzeug:[31m[1mWARNING: This is a development server. Do not use it in a production deployment. Use a production WSGI server instead.[0m
 * Running on http://127.0.0.1:5000
INFO:werkzeug:[33mPress CTRL+C to quit[0m
INFO:werkzeug: * Restarting with stat
WARNING:werkzeug: * Debugger is active!
INFO:werkzeug: * Debugger PIN: 331-110-069
INFO:werkzeug:127.0.0.1 - - [04/Sep/2022 21:59:28] "GET /bookmarks/ HTTP/1.1" 200 -
INFO:werkzeug:127.0.0.1 - - [04/Sep/2022 21:59:28] "[33mGET /bookmarks/img/eye.png HTTP/1.1[0m" 404 -
INFO:werkzeug:127.0.0.1 - - [04/Sep/2022 21:59:28] "[36mGET /static/css/styles.min.css HTTP/1.1[0m" 304 -
INFO:werkzeug:127.0.0.1 - - [04/Sep/2022 21:59:28] "[36mGET /static/img/bookmark.png HTTP/1.1[0m" 304 -
INFO:werkzeug:127.0.0.1 - - [04/Sep/2022 21:59:30] "GET /bookmarks/ HTTP/1.1" 200 -
INFO:werkzeug:127.0.0.1 - - [04/Sep/2022 21:59:30] "[33mGET /bookmarks/img/eye.png HTTP/1.1[0m" 404 -
INFO:werkzeug:127.0.0.1 - - [04/Sep/2022 21:59:30] "[36mGET /static/css/styles.min.css HTTP/1.1[0m" 304 -
INFO:werkzeug:127.0.0.1 - - [04/Sep/2022 21:59:30] "[36mGET /static/img/bookmark.png HTTP/1.1[0m" 304 -
INFO:werkzeug:127.0.0.1 - - [04/Sep/2022 21:59:41] "[32mGET /bookmarks/add/1 HTTP/1.1[0m" 302 -
INFO:werkzeug:127.0.0.1 - - [04/Sep/2022 21:59:41] "GET / HTTP/1.1" 200 -
INFO:werkzeug:127.0.0.1 - - [04/Sep/2022 21:59:41] "[36mGET /static/css/styles.min.css HTTP/1.1[0m" 304 -
INFO:werkzeug:127.0.0.1 - - [04/Sep/2022 21:59:41] "[36mGET /static/img/bookmark.png HTTP/1.1[0m" 304 -
INFO:werkzeug:127.0.0.1 - - [04/Sep/2022 21:59:41] "[36mGET /static/img/eye.png HTTP/1.1[0m" 304 -
INFO:werkzeug:127.0.0.1 - - [04/Sep/2022 21:59:45] "GET /bookmarks/ HTTP/1.1" 200 -
INFO:werkzeug:127.0.0.1 - - [04/Sep/2022 21:59:45] "[36mGET /static/css/styles.min.css HTTP/1.1[0m" 304 -
INFO:werkzeug:127.0.0.1 - - [04/Sep/2022 21:59:45] "[33mGET /bookmarks/img/eye.png HTTP/1.1[0m" 404 -
INFO:werkzeug:127.0.0.1 - - [04/Sep/2022 21:59:45] "[36mGET /static/img/bookmark.png HTTP/1.1[0m" 304 -
INFO:werkzeug: * Detected change in 'c:\\Users\\Georgii\\Desktop\\pr\\homework\\instahram\\app.py', reloading
INFO:werkzeug: * Restarting with stat
WARNING:werkzeug: * Debugger is active!
INFO:werkzeug: * Debugger PIN: 331-110-069
